<?xml version="1.0" encoding="UTF-8"?>
<!-- Generated by org.testng.reporters.JUnitXMLReporter -->
<testsuite hostname="WSM-700332" ignored="3" name="Surefire test" tests="2" failures="1" timestamp="06 Nov 2019 00:41:20 GMT" time="99.162" errors="0">
  <testcase name="ApplicationSubmissionCCB" time="22.994" classname="com.loanmart.test.CCBApplicationSubmission"/>
  <testcase name="EditLOSApplication" time="67.93" classname="com.loanmart.test.LOSEditApplication">
    <failure type="java.lang.AssertionError" message="One or more test have failed --- Please reference test report for more details">
      <![CDATA[java.lang.AssertionError: One or more test have failed --- Please reference test report for more details
	at com.loanmart.test.LOSEditApplication.EditLOSApplication(LOSEditApplication.java:84)
... Removed 31 stack frames]]>
    </failure>
  </testcase> <!-- EditLOSApplication -->
  <testcase name="ApplicationSubmissionAEL" time="0.0" classname="com.loanmart.test.AELApplicationSubmission">
    <ignored/>
  </testcase> <!-- ApplicationSubmissionAEL -->
  <testcase name="@BeforeSuite setUpSuite" time="0.0" classname="com.loanmart.base.TestBase">
    <ignored/>
  </testcase> <!-- @BeforeSuite setUpSuite -->
  <testcase name="@BeforeSuite setUpSuite" time="0.0" classname="com.loanmart.base.TestBase">
    <ignored/>
  </testcase> <!-- @BeforeSuite setUpSuite -->
</testsuite> <!-- Surefire test -->
