<?xml version="1.0" encoding="UTF-8"?>
<!-- Generated by org.testng.reporters.JUnitXMLReporter -->
<testsuite hostname="WSM-700332" ignored="0" name="Surefire test" tests="24" failures="1" timestamp="23 Oct 2019 21:23:16 GMT" time="27.583" errors="0">
  <testcase name="@BeforeMethod launchBrowser" time="6.015" classname="com.loanmart.mainwebsite.ApplyForLoan">
    <failure type="org.openqa.selenium.WebDriverException" message="chrome not reachable
  (Session info: chrome=77.0.3865.120)
  (Driver info: chromedriver=77.0.3865.40 (f484704e052e0b556f8030b65b953dce96503217-refs/branch-heads/3865@{#442}),platform=Windows NT 10.0.17134 x86_64) (WARNING: The server did not provide any stacktrace information)
Command duration or timeout: 6.02 seconds
Build info: version: &amp;apos;2.53.1&amp;apos;, revision: &amp;apos;a36b8b1cd5757287168e54b817830adce9b0158d&amp;apos;, time: &amp;apos;2016-06-30 19:26:09&amp;apos;
System info: host: &amp;apos;WSM-700332&amp;apos;, ip: &amp;apos;10.0.75.1&amp;apos;, os.name: &amp;apos;Windows 10&amp;apos;, os.arch: &amp;apos;amd64&amp;apos;, os.version: &amp;apos;10.0&amp;apos;, java.version: &amp;apos;1.8.0_221&amp;apos;
Driver info: org.openqa.selenium.chrome.ChromeDriver
Capabilities [{mobileEmulationEnabled=false, timeouts={implicit=0, pageLoad=300000, script=30000}, hasTouchScreen=false, platform=XP, acceptSslCerts=false, goog:chromeOptions={debuggerAddress=localhost:58521}, acceptInsecureCerts=false, webStorageEnabled=true, browserName=chrome, takesScreenshot=true, javascriptEnabled=true, setWindowRect=true, unexpectedAlertBehaviour=ignore, applicationCacheEnabled=false, rotatable=false, networkConnectionEnabled=false, chrome={chromedriverVersion=77.0.3865.40 (f484704e052e0b556f8030b65b953dce96503217-refs/branch-heads/3865@{#442}), userDataDir=C:\Users\csaenz\AppData\Local\Temp\scoped_dir14900_1180859138}, takesHeapSnapshot=true, pageLoadStrategy=normal, strictFileInteractability=false, databaseEnabled=false, handlesAlerts=true, version=77.0.3865.120, browserConnectionEnabled=false, proxy={}, nativeEvents=true, locationContextEnabled=true, cssSelectorsEnabled=true}]
Session ID: df7a7a1c6bccbc1f7631e850591aeadc">
      <![CDATA[org.openqa.selenium.WebDriverException: chrome not reachable
  (Session info: chrome=77.0.3865.120)
  (Driver info: chromedriver=77.0.3865.40 (f484704e052e0b556f8030b65b953dce96503217-refs/branch-heads/3865@{#442}),platform=Windows NT 10.0.17134 x86_64) (WARNING: The server did not provide any stacktrace information)
Command duration or timeout: 6.02 seconds
Build info: version: '2.53.1', revision: 'a36b8b1cd5757287168e54b817830adce9b0158d', time: '2016-06-30 19:26:09'
System info: host: 'WSM-700332', ip: '10.0.75.1', os.name: 'Windows 10', os.arch: 'amd64', os.version: '10.0', java.version: '1.8.0_221'
Driver info: org.openqa.selenium.chrome.ChromeDriver
Capabilities [{mobileEmulationEnabled=false, timeouts={implicit=0, pageLoad=300000, script=30000}, hasTouchScreen=false, platform=XP, acceptSslCerts=false, goog:chromeOptions={debuggerAddress=localhost:58521}, acceptInsecureCerts=false, webStorageEnabled=true, browserName=chrome, takesScreenshot=true, javascriptEnabled=true, setWindowRect=true, unexpectedAlertBehaviour=ignore, applicationCacheEnabled=false, rotatable=false, networkConnectionEnabled=false, chrome={chromedriverVersion=77.0.3865.40 (f484704e052e0b556f8030b65b953dce96503217-refs/branch-heads/3865@{#442}), userDataDir=C:\Users\csaenz\AppData\Local\Temp\scoped_dir14900_1180859138}, takesHeapSnapshot=true, pageLoadStrategy=normal, strictFileInteractability=false, databaseEnabled=false, handlesAlerts=true, version=77.0.3865.120, browserConnectionEnabled=false, proxy={}, nativeEvents=true, locationContextEnabled=true, cssSelectorsEnabled=true}]
Session ID: df7a7a1c6bccbc1f7631e850591aeadc
	at org.openqa.selenium.remote.ErrorHandler.createThrowable(ErrorHandler.java:206)
	at org.openqa.selenium.remote.ErrorHandler.throwIfResponseFailed(ErrorHandler.java:158)
	at org.openqa.selenium.remote.RemoteWebDriver.execute(RemoteWebDriver.java:678)
	at org.openqa.selenium.remote.RemoteWebDriver.get(RemoteWebDriver.java:316)
	at com.loanmart.mainwebsite.ApplyForLoan.launchBrowser(ApplyForLoan.java:51)
... Removed 36 stack frames]]>
    </failure>
  </testcase> <!-- @BeforeMethod launchBrowser -->
  <testcase name="@BeforeMethod launchBrowser" time="0.0" classname="com.loanmart.mainwebsite.ApplyForLoan">
    <skipped/>
  </testcase> <!-- @BeforeMethod launchBrowser -->
  <testcase name="@BeforeMethod launchBrowser" time="0.0" classname="com.loanmart.mainwebsite.ApplyForLoan">
    <skipped/>
  </testcase> <!-- @BeforeMethod launchBrowser -->
  <testcase name="@BeforeMethod launchBrowser" time="0.0" classname="com.loanmart.mainwebsite.ApplyForLoan">
    <skipped/>
  </testcase> <!-- @BeforeMethod launchBrowser -->
  <testcase name="@BeforeMethod launchBrowser" time="0.0" classname="com.loanmart.mainwebsite.ApplyForLoan">
    <skipped/>
  </testcase> <!-- @BeforeMethod launchBrowser -->
  <testcase name="@BeforeMethod launchBrowser" time="0.0" classname="com.loanmart.mainwebsite.ApplyForLoan">
    <skipped/>
  </testcase> <!-- @BeforeMethod launchBrowser -->
  <testcase name="@BeforeMethod launchBrowser" time="0.0" classname="com.loanmart.mainwebsite.ApplyForLoan">
    <skipped/>
  </testcase> <!-- @BeforeMethod launchBrowser -->
  <testcase name="@BeforeMethod launchBrowser" time="0.0" classname="com.loanmart.mainwebsite.ApplyForLoan">
    <skipped/>
  </testcase> <!-- @BeforeMethod launchBrowser -->
  <testcase name="@BeforeMethod launchBrowser" time="0.0" classname="com.loanmart.mainwebsite.ApplyForLoan">
    <skipped/>
  </testcase> <!-- @BeforeMethod launchBrowser -->
  <testcase name="@BeforeMethod launchBrowser" time="0.0" classname="com.loanmart.mainwebsite.ApplyForLoan">
    <skipped/>
  </testcase> <!-- @BeforeMethod launchBrowser -->
  <testcase name="@BeforeMethod launchBrowser" time="0.0" classname="com.loanmart.mainwebsite.ApplyForLoan">
    <skipped/>
  </testcase> <!-- @BeforeMethod launchBrowser -->
  <testcase name="@BeforeMethod launchBrowser" time="0.0" classname="com.loanmart.mainwebsite.ApplyForLoan">
    <skipped/>
  </testcase> <!-- @BeforeMethod launchBrowser -->
  <testcase name="@BeforeMethod launchBrowser" time="0.0" classname="com.loanmart.mainwebsite.ApplyForLoan">
    <skipped/>
  </testcase> <!-- @BeforeMethod launchBrowser -->
  <testcase name="@BeforeMethod launchBrowser" time="0.0" classname="com.loanmart.mainwebsite.ApplyForLoan">
    <skipped/>
  </testcase> <!-- @BeforeMethod launchBrowser -->
  <testcase name="@BeforeMethod launchBrowser" time="0.0" classname="com.loanmart.mainwebsite.ApplyForLoan">
    <skipped/>
  </testcase> <!-- @BeforeMethod launchBrowser -->
  <testcase name="@BeforeMethod launchBrowser" time="0.0" classname="com.loanmart.mainwebsite.ApplyForLoan">
    <skipped/>
  </testcase> <!-- @BeforeMethod launchBrowser -->
  <testcase name="@BeforeMethod launchBrowser" time="0.0" classname="com.loanmart.mainwebsite.ApplyForLoan">
    <skipped/>
  </testcase> <!-- @BeforeMethod launchBrowser -->
  <testcase name="@BeforeMethod launchBrowser" time="0.0" classname="com.loanmart.mainwebsite.ApplyForLoan">
    <skipped/>
  </testcase> <!-- @BeforeMethod launchBrowser -->
  <testcase name="@BeforeMethod launchBrowser" time="0.0" classname="com.loanmart.mainwebsite.ApplyForLoan">
    <skipped/>
  </testcase> <!-- @BeforeMethod launchBrowser -->
  <testcase name="@BeforeMethod launchBrowser" time="0.0" classname="com.loanmart.mainwebsite.ApplyForLoan">
    <skipped/>
  </testcase> <!-- @BeforeMethod launchBrowser -->
  <testcase name="@BeforeMethod launchBrowser" time="0.0" classname="com.loanmart.mainwebsite.ApplyForLoan">
    <skipped/>
  </testcase> <!-- @BeforeMethod launchBrowser -->
  <testcase name="@BeforeMethod launchBrowser" time="0.0" classname="com.loanmart.mainwebsite.ApplyForLoan">
    <skipped/>
  </testcase> <!-- @BeforeMethod launchBrowser -->
  <testcase name="@BeforeMethod launchBrowser" time="0.0" classname="com.loanmart.mainwebsite.ApplyForLoan">
    <skipped/>
  </testcase> <!-- @BeforeMethod launchBrowser -->
  <testcase name="ApplyForLoanTest" time="10.867" classname="com.loanmart.mainwebsite.ApplyForLoan">
    <failure type="org.openqa.selenium.WebDriverException" message="chrome not reachable
  (Session info: chrome=77.0.3865.120)
  (Driver info: chromedriver=77.0.3865.40 (f484704e052e0b556f8030b65b953dce96503217-refs/branch-heads/3865@{#442}),platform=Windows NT 10.0.17134 x86_64) (WARNING: The server did not provide any stacktrace information)
Command duration or timeout: 6.02 seconds
Build info: version: &amp;apos;2.53.1&amp;apos;, revision: &amp;apos;a36b8b1cd5757287168e54b817830adce9b0158d&amp;apos;, time: &amp;apos;2016-06-30 19:26:09&amp;apos;
System info: host: &amp;apos;WSM-700332&amp;apos;, ip: &amp;apos;10.0.75.1&amp;apos;, os.name: &amp;apos;Windows 10&amp;apos;, os.arch: &amp;apos;amd64&amp;apos;, os.version: &amp;apos;10.0&amp;apos;, java.version: &amp;apos;1.8.0_221&amp;apos;
Driver info: org.openqa.selenium.chrome.ChromeDriver
Capabilities [{mobileEmulationEnabled=false, timeouts={implicit=0, pageLoad=300000, script=30000}, hasTouchScreen=false, platform=XP, acceptSslCerts=false, goog:chromeOptions={debuggerAddress=localhost:58521}, acceptInsecureCerts=false, webStorageEnabled=true, browserName=chrome, takesScreenshot=true, javascriptEnabled=true, setWindowRect=true, unexpectedAlertBehaviour=ignore, applicationCacheEnabled=false, rotatable=false, networkConnectionEnabled=false, chrome={chromedriverVersion=77.0.3865.40 (f484704e052e0b556f8030b65b953dce96503217-refs/branch-heads/3865@{#442}), userDataDir=C:\Users\csaenz\AppData\Local\Temp\scoped_dir14900_1180859138}, takesHeapSnapshot=true, pageLoadStrategy=normal, strictFileInteractability=false, databaseEnabled=false, handlesAlerts=true, version=77.0.3865.120, browserConnectionEnabled=false, proxy={}, nativeEvents=true, locationContextEnabled=true, cssSelectorsEnabled=true}]
Session ID: df7a7a1c6bccbc1f7631e850591aeadc
*** Element info: {Using=id, value=car_year}">
      <![CDATA[org.openqa.selenium.WebDriverException: chrome not reachable
  (Session info: chrome=77.0.3865.120)
  (Driver info: chromedriver=77.0.3865.40 (f484704e052e0b556f8030b65b953dce96503217-refs/branch-heads/3865@{#442}),platform=Windows NT 10.0.17134 x86_64) (WARNING: The server did not provide any stacktrace information)
Command duration or timeout: 6.02 seconds
Build info: version: '2.53.1', revision: 'a36b8b1cd5757287168e54b817830adce9b0158d', time: '2016-06-30 19:26:09'
System info: host: 'WSM-700332', ip: '10.0.75.1', os.name: 'Windows 10', os.arch: 'amd64', os.version: '10.0', java.version: '1.8.0_221'
Driver info: org.openqa.selenium.chrome.ChromeDriver
Capabilities [{mobileEmulationEnabled=false, timeouts={implicit=0, pageLoad=300000, script=30000}, hasTouchScreen=false, platform=XP, acceptSslCerts=false, goog:chromeOptions={debuggerAddress=localhost:58521}, acceptInsecureCerts=false, webStorageEnabled=true, browserName=chrome, takesScreenshot=true, javascriptEnabled=true, setWindowRect=true, unexpectedAlertBehaviour=ignore, applicationCacheEnabled=false, rotatable=false, networkConnectionEnabled=false, chrome={chromedriverVersion=77.0.3865.40 (f484704e052e0b556f8030b65b953dce96503217-refs/branch-heads/3865@{#442}), userDataDir=C:\Users\csaenz\AppData\Local\Temp\scoped_dir14900_1180859138}, takesHeapSnapshot=true, pageLoadStrategy=normal, strictFileInteractability=false, databaseEnabled=false, handlesAlerts=true, version=77.0.3865.120, browserConnectionEnabled=false, proxy={}, nativeEvents=true, locationContextEnabled=true, cssSelectorsEnabled=true}]
Session ID: df7a7a1c6bccbc1f7631e850591aeadc
*** Element info: {Using=id, value=car_year}
	at org.openqa.selenium.remote.ErrorHandler.createThrowable(ErrorHandler.java:206)
	at org.openqa.selenium.remote.ErrorHandler.throwIfResponseFailed(ErrorHandler.java:158)
	at org.openqa.selenium.remote.RemoteWebDriver.execute(RemoteWebDriver.java:678)
	at org.openqa.selenium.remote.RemoteWebDriver.findElement(RemoteWebDriver.java:363)
	at org.openqa.selenium.remote.RemoteWebDriver.findElementById(RemoteWebDriver.java:413)
	at org.openqa.selenium.By$ById.findElement(By.java:218)
	at org.openqa.selenium.remote.RemoteWebDriver.findElement(RemoteWebDriver.java:355)
	at org.openqa.selenium.support.ui.ExpectedConditions.findElement(ExpectedConditions.java:899)
	at org.openqa.selenium.support.ui.ExpectedConditions.access$000(ExpectedConditions.java:41)
	at org.openqa.selenium.support.ui.ExpectedConditions$7.apply(ExpectedConditions.java:205)
	at org.openqa.selenium.support.ui.ExpectedConditions$7.apply(ExpectedConditions.java:201)
	at org.openqa.selenium.support.ui.ExpectedConditions$22.apply(ExpectedConditions.java:653)
	at org.openqa.selenium.support.ui.ExpectedConditions$22.apply(ExpectedConditions.java:646)
	at org.openqa.selenium.support.ui.FluentWait.until(FluentWait.java:238)
	at com.loanmart.base.TestBase.waitForPageLoad(TestBase.java:248)
	at com.loanmart.pages.mainwebsite.VehicleInformationPage.waitForVehiclePageLoad(VehicleInformationPage.java:18)
	at com.loanmart.mainwebsite.ApplyForLoan.vehicleInformation(ApplyForLoan.java:91)
	at com.loanmart.mainwebsite.ApplyForLoan.ApplyForLoanTest(ApplyForLoan.java:59)
... Removed 34 stack frames]]>
    </failure>
  </testcase> <!-- ApplyForLoanTest -->
  <testcase name="ApplyForLoanTest" time="0.0" classname="com.loanmart.mainwebsite.ApplyForLoan">
    <skipped/>
  </testcase> <!-- ApplyForLoanTest -->
  <testcase name="ApplyForLoanTest" time="0.0" classname="com.loanmart.mainwebsite.ApplyForLoan">
    <skipped/>
  </testcase> <!-- ApplyForLoanTest -->
  <testcase name="ApplyForLoanTest" time="0.0" classname="com.loanmart.mainwebsite.ApplyForLoan">
    <skipped/>
  </testcase> <!-- ApplyForLoanTest -->
  <testcase name="ApplyForLoanTest" time="0.0" classname="com.loanmart.mainwebsite.ApplyForLoan">
    <skipped/>
  </testcase> <!-- ApplyForLoanTest -->
  <testcase name="ApplyForLoanTest" time="0.0" classname="com.loanmart.mainwebsite.ApplyForLoan">
    <skipped/>
  </testcase> <!-- ApplyForLoanTest -->
  <testcase name="ApplyForLoanTest" time="0.0" classname="com.loanmart.mainwebsite.ApplyForLoan">
    <skipped/>
  </testcase> <!-- ApplyForLoanTest -->
  <testcase name="ApplyForLoanTest" time="0.0" classname="com.loanmart.mainwebsite.ApplyForLoan">
    <skipped/>
  </testcase> <!-- ApplyForLoanTest -->
  <testcase name="ApplyForLoanTest" time="0.0" classname="com.loanmart.mainwebsite.ApplyForLoan">
    <skipped/>
  </testcase> <!-- ApplyForLoanTest -->
  <testcase name="ApplyForLoanTest" time="0.0" classname="com.loanmart.mainwebsite.ApplyForLoan">
    <skipped/>
  </testcase> <!-- ApplyForLoanTest -->
  <testcase name="ApplyForLoanTest" time="0.0" classname="com.loanmart.mainwebsite.ApplyForLoan">
    <skipped/>
  </testcase> <!-- ApplyForLoanTest -->
  <testcase name="ApplyForLoanTest" time="0.0" classname="com.loanmart.mainwebsite.ApplyForLoan">
    <skipped/>
  </testcase> <!-- ApplyForLoanTest -->
  <testcase name="ApplyForLoanTest" time="0.0" classname="com.loanmart.mainwebsite.ApplyForLoan">
    <skipped/>
  </testcase> <!-- ApplyForLoanTest -->
  <testcase name="ApplyForLoanTest" time="0.0" classname="com.loanmart.mainwebsite.ApplyForLoan">
    <skipped/>
  </testcase> <!-- ApplyForLoanTest -->
  <testcase name="ApplyForLoanTest" time="0.0" classname="com.loanmart.mainwebsite.ApplyForLoan">
    <skipped/>
  </testcase> <!-- ApplyForLoanTest -->
  <testcase name="ApplyForLoanTest" time="0.0" classname="com.loanmart.mainwebsite.ApplyForLoan">
    <skipped/>
  </testcase> <!-- ApplyForLoanTest -->
  <testcase name="ApplyForLoanTest" time="0.0" classname="com.loanmart.mainwebsite.ApplyForLoan">
    <skipped/>
  </testcase> <!-- ApplyForLoanTest -->
  <testcase name="ApplyForLoanTest" time="0.0" classname="com.loanmart.mainwebsite.ApplyForLoan">
    <skipped/>
  </testcase> <!-- ApplyForLoanTest -->
  <testcase name="ApplyForLoanTest" time="0.0" classname="com.loanmart.mainwebsite.ApplyForLoan">
    <skipped/>
  </testcase> <!-- ApplyForLoanTest -->
  <testcase name="ApplyForLoanTest" time="0.0" classname="com.loanmart.mainwebsite.ApplyForLoan">
    <skipped/>
  </testcase> <!-- ApplyForLoanTest -->
  <testcase name="ApplyForLoanTest" time="0.0" classname="com.loanmart.mainwebsite.ApplyForLoan">
    <skipped/>
  </testcase> <!-- ApplyForLoanTest -->
  <testcase name="ApplyForLoanTest" time="0.0" classname="com.loanmart.mainwebsite.ApplyForLoan">
    <skipped/>
  </testcase> <!-- ApplyForLoanTest -->
  <testcase name="ApplyForLoanTest" time="0.0" classname="com.loanmart.mainwebsite.ApplyForLoan">
    <skipped/>
  </testcase> <!-- ApplyForLoanTest -->
  <testcase name="testTest" time="0.0" classname="com.loanmart.mainwebsite.ApplyForLoan">
    <skipped/>
  </testcase> <!-- testTest -->
</testsuite> <!-- Surefire test -->
