<?xml version="1.0" encoding="UTF-8"?>
<!-- Generated by org.testng.reporters.JUnitXMLReporter -->
<testsuite hostname="WSM-700332" ignored="6" name="Surefire test" tests="4" failures="0" timestamp="19 Nov 2019 22:33:01 GMT" time="189.851" errors="0">
  <testcase name="ApplicationSubmissionAEL" time="27.944" classname="com.loanmart.test.AELApplicationSubmission"/>
  <testcase name="ApplicationSubmissionCCB" time="22.314" classname="com.loanmart.test.CCBApplicationSubmission"/>
  <testcase name="AELEditLOSApplication" time="57.796" classname="com.loanmart.test.AELLOSEditApplication"/>
  <testcase name="EditLOSApplication" time="68.919" classname="com.loanmart.test.LOSEditApplication"/>
  <testcase name="@AfterSuite tearDownSuite" time="0.0" classname="com.loanmart.base.TestBase">
    <ignored/>
  </testcase> <!-- @AfterSuite tearDownSuite -->
  <testcase name="@AfterSuite tearDownSuite" time="0.0" classname="com.loanmart.base.TestBase">
    <ignored/>
  </testcase> <!-- @AfterSuite tearDownSuite -->
  <testcase name="@AfterSuite tearDownSuite" time="0.0" classname="com.loanmart.base.TestBase">
    <ignored/>
  </testcase> <!-- @AfterSuite tearDownSuite -->
  <testcase name="@BeforeSuite setUpSuite" time="0.0" classname="com.loanmart.base.TestBase">
    <ignored/>
  </testcase> <!-- @BeforeSuite setUpSuite -->
  <testcase name="@BeforeSuite setUpSuite" time="0.0" classname="com.loanmart.base.TestBase">
    <ignored/>
  </testcase> <!-- @BeforeSuite setUpSuite -->
  <testcase name="@BeforeSuite setUpSuite" time="0.0" classname="com.loanmart.base.TestBase">
    <ignored/>
  </testcase> <!-- @BeforeSuite setUpSuite -->
</testsuite> <!-- Surefire test -->
