<?xml version="1.0" encoding="UTF-8"?>
<!-- Generated by org.testng.reporters.JUnitXMLReporter -->
<testsuite hostname="WSM-700332" ignored="6" name="Surefire test" tests="4" failures="0" timestamp="20 Nov 2019 01:59:50 GMT" time="232.156" errors="0">
  <testcase name="ApplicationSubmissionAEL" time="31.002" classname="com.loanmart.test.AELApplicationSubmission"/>
  <testcase name="ApplicationSubmissionCCB" time="25.781" classname="com.loanmart.test.CCBApplicationSubmission"/>
  <testcase name="AELEditLOSApplication" time="74.362" classname="com.loanmart.test.AELLOSEditApplication"/>
  <testcase name="EditLOSApplication" time="81.777" classname="com.loanmart.test.LOSEditApplication"/>
  <testcase name="@AfterSuite tearDownSuite" time="0.0" classname="com.loanmart.base.TestBase">
    <ignored/>
  </testcase> <!-- @AfterSuite tearDownSuite -->
  <testcase name="@AfterSuite tearDownSuite" time="0.0" classname="com.loanmart.base.TestBase">
    <ignored/>
  </testcase> <!-- @AfterSuite tearDownSuite -->
  <testcase name="@AfterSuite tearDownSuite" time="0.0" classname="com.loanmart.base.TestBase">
    <ignored/>
  </testcase> <!-- @AfterSuite tearDownSuite -->
  <testcase name="@BeforeSuite setUpSuite" time="0.0" classname="com.loanmart.base.TestBase">
    <ignored/>
  </testcase> <!-- @BeforeSuite setUpSuite -->
  <testcase name="@BeforeSuite setUpSuite" time="0.0" classname="com.loanmart.base.TestBase">
    <ignored/>
  </testcase> <!-- @BeforeSuite setUpSuite -->
  <testcase name="@BeforeSuite setUpSuite" time="0.0" classname="com.loanmart.base.TestBase">
    <ignored/>
  </testcase> <!-- @BeforeSuite setUpSuite -->
</testsuite> <!-- Surefire test -->
