<?xml version="1.0" encoding="UTF-8"?>
<!-- Generated by org.testng.reporters.JUnitXMLReporter -->
<testsuite hostname="WSM-700332" ignored="2" name="Surefire test" tests="2" failures="0" timestamp="28 Oct 2019 23:21:03 GMT" time="72.606" errors="0">
  <testcase name="ApplyForLoanTest" time="66.763" classname="com.loanmart.mainwebsite.ApplyForLoan"/>
  <testcase name="EditALoan" time="0.001" classname="com.loanmart.mainwebsite.ApplyForLoanVTWO"/>
  <testcase name="@AfterSuite tearDownSuite" time="0.0" classname="com.loanmart.base.TestBase">
    <ignored/>
  </testcase> <!-- @AfterSuite tearDownSuite -->
  <testcase name="@BeforeSuite setUpSuite" time="0.0" classname="com.loanmart.base.TestBase">
    <ignored/>
  </testcase> <!-- @BeforeSuite setUpSuite -->
</testsuite> <!-- Surefire test -->
