<?xml version="1.0" encoding="UTF-8"?>
<!-- Generated by org.testng.reporters.JUnitXMLReporter -->
<testsuite hostname="WSM-700332" ignored="5" name="Surefire test" tests="2" failures="1" timestamp="18 Nov 2019 19:12:34 GMT" time="106.025" errors="0">
  <testcase name="ApplicationSubmissionCCB" time="28.301" classname="com.loanmart.test.CCBApplicationSubmission"/>
  <testcase name="EditLOSApplication" time="69.022" classname="com.loanmart.test.LOSEditApplication">
    <failure type="java.lang.AssertionError" message="One or more test have failed --- Please reference test report for more details">
      <![CDATA[java.lang.AssertionError: One or more test have failed --- Please reference test report for more details
	at com.loanmart.test.LOSEditApplication.EditLOSApplication(LOSEditApplication.java:92)
... Removed 31 stack frames]]>
    </failure>
  </testcase> <!-- EditLOSApplication -->
  <testcase name="@AfterSuite tearDownSuite" time="0.0" classname="com.loanmart.base.TestBase">
    <ignored/>
  </testcase> <!-- @AfterSuite tearDownSuite -->
  <testcase name="@AfterSuite tearDownSuite" time="0.0" classname="com.loanmart.base.TestBase">
    <ignored/>
  </testcase> <!-- @AfterSuite tearDownSuite -->
  <testcase name="ApplicationSubmissionAEL" time="0.0" classname="com.loanmart.test.AELApplicationSubmission">
    <ignored/>
  </testcase> <!-- ApplicationSubmissionAEL -->
  <testcase name="@BeforeSuite setUpSuite" time="0.0" classname="com.loanmart.base.TestBase">
    <ignored/>
  </testcase> <!-- @BeforeSuite setUpSuite -->
  <testcase name="@BeforeSuite setUpSuite" time="0.0" classname="com.loanmart.base.TestBase">
    <ignored/>
  </testcase> <!-- @BeforeSuite setUpSuite -->
</testsuite> <!-- Surefire test -->
