<?xml version="1.0" encoding="UTF-8"?>
<!-- Generated by org.testng.reporters.JUnitXMLReporter -->
<testsuite hostname="WSM-700332" ignored="6" name="Surefire test" tests="4" failures="1" timestamp="22 Nov 2019 17:28:22 GMT" time="156.305" errors="0">
  <testcase name="ApplicationSubmissionAEL" time="5.085" classname="com.loanmart.test.AELApplicationSubmission">
    <failure type="java.lang.AssertionError" message="expected [true] but found [false]">
      <![CDATA[java.lang.AssertionError: expected [true] but found [false]
	at com.loanmart.test.AELApplicationSubmission.vehicleInformation(AELApplicationSubmission.java:107)
	at com.loanmart.test.AELApplicationSubmission.ApplicationSubmissionAEL(AELApplicationSubmission.java:58)
... Removed 34 stack frames]]>
    </failure>
  </testcase> <!-- ApplicationSubmissionAEL -->
  <testcase name="ApplicationSubmissionCCB" time="38.475" classname="com.loanmart.test.CCBApplicationSubmission"/>
  <testcase name="AELEditLOSApplication" time="0.0" classname="com.loanmart.test.AELLOSEditApplication">
    <skipped/>
  </testcase> <!-- AELEditLOSApplication -->
  <testcase name="EditLOSApplication" time="102.004" classname="com.loanmart.test.LOSEditApplication"/>
  <testcase name="@AfterSuite tearDownSuite" time="0.0" classname="com.loanmart.base.TestBase">
    <ignored/>
  </testcase> <!-- @AfterSuite tearDownSuite -->
  <testcase name="@AfterSuite tearDownSuite" time="0.0" classname="com.loanmart.base.TestBase">
    <ignored/>
  </testcase> <!-- @AfterSuite tearDownSuite -->
  <testcase name="@AfterSuite tearDownSuite" time="0.0" classname="com.loanmart.base.TestBase">
    <ignored/>
  </testcase> <!-- @AfterSuite tearDownSuite -->
  <testcase name="@BeforeSuite setUpSuite" time="0.0" classname="com.loanmart.base.TestBase">
    <ignored/>
  </testcase> <!-- @BeforeSuite setUpSuite -->
  <testcase name="@BeforeSuite setUpSuite" time="0.0" classname="com.loanmart.base.TestBase">
    <ignored/>
  </testcase> <!-- @BeforeSuite setUpSuite -->
  <testcase name="@BeforeSuite setUpSuite" time="0.0" classname="com.loanmart.base.TestBase">
    <ignored/>
  </testcase> <!-- @BeforeSuite setUpSuite -->
</testsuite> <!-- Surefire test -->
