<?xml version="1.0" encoding="UTF-8"?>
<!-- Generated by org.testng.reporters.JUnitXMLReporter -->
<testsuite hostname="WSM-700332" ignored="6" name="Surefire test" tests="4" failures="0" timestamp="25 Nov 2019 18:54:42 GMT" time="283.563" errors="0">
  <testcase name="ApplicationSubmissionAEL" time="61.17" classname="com.loanmart.test.AELApplicationSubmission"/>
  <testcase name="ApplicationSubmissionCCB" time="22.035" classname="com.loanmart.test.CCBApplicationSubmission"/>
  <testcase name="AELEditLOSApplication" time="99.552" classname="com.loanmart.test.AELLOSEditApplication"/>
  <testcase name="EditLOSApplication" time="82.811" classname="com.loanmart.test.LOSEditApplication"/>
  <testcase name="@AfterSuite tearDownSuite" time="0.0" classname="com.loanmart.base.TestBase">
    <ignored/>
  </testcase> <!-- @AfterSuite tearDownSuite -->
  <testcase name="@AfterSuite tearDownSuite" time="0.0" classname="com.loanmart.base.TestBase">
    <ignored/>
  </testcase> <!-- @AfterSuite tearDownSuite -->
  <testcase name="@AfterSuite tearDownSuite" time="0.0" classname="com.loanmart.base.TestBase">
    <ignored/>
  </testcase> <!-- @AfterSuite tearDownSuite -->
  <testcase name="@BeforeSuite setUpSuite" time="0.0" classname="com.loanmart.base.TestBase">
    <ignored/>
  </testcase> <!-- @BeforeSuite setUpSuite -->
  <testcase name="@BeforeSuite setUpSuite" time="0.0" classname="com.loanmart.base.TestBase">
    <ignored/>
  </testcase> <!-- @BeforeSuite setUpSuite -->
  <testcase name="@BeforeSuite setUpSuite" time="0.0" classname="com.loanmart.base.TestBase">
    <ignored/>
  </testcase> <!-- @BeforeSuite setUpSuite -->
</testsuite> <!-- Surefire test -->
