<?xml version="1.0" encoding="UTF-8"?>
<testng-results skipped="1" failed="1" ignored="6" total="10" passed="2">
  <reporter-output>
  </reporter-output>
  <suite name="Surefire suite" duration-ms="156305" started-at="2019-11-22T17:25:45Z" finished-at="2019-11-22T17:28:22Z">
    <groups>
      <group name="ApplyAndEdit">
        <method signature="CCBApplicationSubmission.ApplicationSubmissionCCB(java.util.HashMap)[pri:0, instance:com.loanmart.test.CCBApplicationSubmission@1a968a59]" name="ApplicationSubmissionCCB" class="com.loanmart.test.CCBApplicationSubmission"/>
        <method signature="LOSEditApplication.EditLOSApplication(java.util.HashMap)[pri:0, instance:com.loanmart.test.LOSEditApplication@4667ae56]" name="EditLOSApplication" class="com.loanmart.test.LOSEditApplication"/>
      </group> <!-- ApplyAndEdit -->
      <group name="CCB">
        <method signature="CCBApplicationSubmission.ApplicationSubmissionCCB(java.util.HashMap)[pri:0, instance:com.loanmart.test.CCBApplicationSubmission@1a968a59]" name="ApplicationSubmissionCCB" class="com.loanmart.test.CCBApplicationSubmission"/>
      </group> <!-- CCB -->
      <group name="EditLOS">
        <method signature="LOSEditApplication.EditLOSApplication(java.util.HashMap)[pri:0, instance:com.loanmart.test.LOSEditApplication@4667ae56]" name="EditLOSApplication" class="com.loanmart.test.LOSEditApplication"/>
      </group> <!-- EditLOS -->
      <group name="AEL">
        <method signature="AELApplicationSubmission.ApplicationSubmissionAEL(java.util.HashMap)[pri:0, instance:com.loanmart.test.AELApplicationSubmission@5442a311]" name="ApplicationSubmissionAEL" class="com.loanmart.test.AELApplicationSubmission"/>
      </group> <!-- AEL -->
      <group name="Regression">
        <method signature="AELApplicationSubmission.ApplicationSubmissionAEL(java.util.HashMap)[pri:0, instance:com.loanmart.test.AELApplicationSubmission@5442a311]" name="ApplicationSubmissionAEL" class="com.loanmart.test.AELApplicationSubmission"/>
        <method signature="AELLOSEditApplication.AELEditLOSApplication(java.util.HashMap)[pri:0, instance:com.loanmart.test.AELLOSEditApplication@548e7350]" name="AELEditLOSApplication" class="com.loanmart.test.AELLOSEditApplication"/>
        <method signature="CCBApplicationSubmission.ApplicationSubmissionCCB(java.util.HashMap)[pri:0, instance:com.loanmart.test.CCBApplicationSubmission@1a968a59]" name="ApplicationSubmissionCCB" class="com.loanmart.test.CCBApplicationSubmission"/>
        <method signature="LOSEditApplication.EditLOSApplication(java.util.HashMap)[pri:0, instance:com.loanmart.test.LOSEditApplication@4667ae56]" name="EditLOSApplication" class="com.loanmart.test.LOSEditApplication"/>
      </group> <!-- Regression -->
      <group name="AELApplyAndEdit">
        <method signature="AELApplicationSubmission.ApplicationSubmissionAEL(java.util.HashMap)[pri:0, instance:com.loanmart.test.AELApplicationSubmission@5442a311]" name="ApplicationSubmissionAEL" class="com.loanmart.test.AELApplicationSubmission"/>
        <method signature="AELLOSEditApplication.AELEditLOSApplication(java.util.HashMap)[pri:0, instance:com.loanmart.test.AELLOSEditApplication@548e7350]" name="AELEditLOSApplication" class="com.loanmart.test.AELLOSEditApplication"/>
      </group> <!-- AELApplyAndEdit -->
      <group name="AELEditLOS">
        <method signature="AELLOSEditApplication.AELEditLOSApplication(java.util.HashMap)[pri:0, instance:com.loanmart.test.AELLOSEditApplication@548e7350]" name="AELEditLOSApplication" class="com.loanmart.test.AELLOSEditApplication"/>
      </group> <!-- AELEditLOS -->
    </groups>
    <test name="Surefire test" duration-ms="156305" started-at="2019-11-22T17:25:45Z" finished-at="2019-11-22T17:28:22Z">
      <class name="com.loanmart.test.LOSEditApplication">
        <test-method status="PASS" signature="launchBrowser()[pri:0, instance:com.loanmart.test.LOSEditApplication@4667ae56]" name="launchBrowser" is-config="true" duration-ms="4868" started-at="2019-11-22T09:26:35Z" finished-at="2019-11-22T09:26:39Z">
          <reporter-output>
          </reporter-output>
        </test-method> <!-- launchBrowser -->
        <test-method status="PASS" signature="EditLOSApplication(java.util.HashMap)[pri:0, instance:com.loanmart.test.LOSEditApplication@4667ae56]" name="EditLOSApplication" duration-ms="102004" depends-on-groups="CCB" started-at="2019-11-22T09:26:39Z" data-provider="dp" finished-at="2019-11-22T09:28:21Z">
          <params>
            <param index="0">
              <value>
                <![CDATA[{HowLongHaveYouBeenInYourCurrentJob=5, Email=qa@800loanmart.com, MortgageRent=800, CarMileage=25000, PaidOff=Yes, LoanNumber=4643546, ESignedConsent=Yes, YearsAtEmployer=5, DoYouHaveAnotherCar=Yes, DOB=12/12/2000, AreYouAbleToProvideProofBankAccount=Yes, CarStyle=4D Sedan 3.6L - Premium, GrossMonthlyIncome=4000, Color=Blue, Terms=Yes, CarYear=2016, City=Parkland, EmployeeTitle=Tech, State=Florida, Running=Yes, MonthsAtEmployer=8, LastName=Choate, ReasonForLoan=Pleasure, ActiveMilitary=Yes, TextTerms=Yes, Ownership=Own, DoYouDriveThisCarToWork=Yes, StateTitle=Yes, DriverLicenseNumber=QATEST01, DriverLicenseState=Florida, DoYouHaveAnAutomobile=Yes, FICO=791, AreYouAbleToProvideProofOfInsurance=Yes, IncomeType=Employed, GrossIncome=4000, LivedMonths=2, FirstName=Thomas, ZipCode=33076, LivedYears=4, LicensePlate=ABC1234, HowLongHaveYouOwnedThisCar=6, OtherIncome=0, WillYouBeAbleToDriveYourCar=Yes, HomeNumber=818553212, SSN=666222165, CarMake=Cadillac, CarModel=ATS, MobileNumber=8185551231, StreetAddress=12264 NW 73RD, ThirdPartiesConsent=Yes, TitleStatus=Clean, EmployerName=LoanMart INC}]]>
              </value>
            </param>
          </params>
          <reporter-output>
          </reporter-output>
        </test-method> <!-- EditLOSApplication -->
        <test-method status="PASS" signature="failureCheckup()[pri:0, instance:com.loanmart.test.LOSEditApplication@4667ae56]" name="failureCheckup" is-config="true" duration-ms="0" started-at="2019-11-22T09:28:22Z" finished-at="2019-11-22T09:28:22Z">
          <reporter-output>
          </reporter-output>
        </test-method> <!-- failureCheckup -->
      </class> <!-- com.loanmart.test.LOSEditApplication -->
      <class name="com.loanmart.test.CCBApplicationSubmission">
        <test-method status="PASS" signature="launchBrowser()[pri:0, instance:com.loanmart.test.CCBApplicationSubmission@1a968a59]" name="launchBrowser" is-config="true" duration-ms="912" started-at="2019-11-22T09:25:55Z" finished-at="2019-11-22T09:25:56Z">
          <reporter-output>
          </reporter-output>
        </test-method> <!-- launchBrowser -->
        <test-method status="PASS" signature="ApplicationSubmissionCCB(java.util.HashMap)[pri:0, instance:com.loanmart.test.CCBApplicationSubmission@1a968a59]" name="ApplicationSubmissionCCB" duration-ms="38475" started-at="2019-11-22T09:25:56Z" data-provider="dp" finished-at="2019-11-22T09:26:34Z">
          <params>
            <param index="0">
              <value>
                <![CDATA[{HowLongHaveYouBeenInYourCurrentJob=5, Email=qa@800loanmart.com, MortgageRent=800, CarMileage=25000, PaidOff=Yes, LoanNumber=4643403, ESignedConsent=Yes, YearsAtEmployer=5, DoYouHaveAnotherCar=Yes, DOB=12/12/2000, AreYouAbleToProvideProofBankAccount=Yes, CarStyle=4D Sedan 3.6L - Premium, GrossMonthlyIncome=4000, Color=Blue, Terms=Yes, CarYear=2016, City=Parkland, EmployeeTitle=Tech, State=Florida, Running=Yes, MonthsAtEmployer=8, LastName=Choate, ReasonForLoan=Pleasure, ActiveMilitary=Yes, TextTerms=Yes, Ownership=Own, DoYouDriveThisCarToWork=Yes, StateTitle=Yes, DriverLicenseNumber=QATEST01, DriverLicenseState=Florida, DoYouHaveAnAutomobile=Yes, FICO=791, AreYouAbleToProvideProofOfInsurance=Yes, IncomeType=Employed, GrossIncome=4000, LivedMonths=2, FirstName=Thomas, ZipCode=33076, LivedYears=4, LicensePlate=ABC1234, HowLongHaveYouOwnedThisCar=6, OtherIncome=0, WillYouBeAbleToDriveYourCar=Yes, HomeNumber=818553212, SSN=666222165, CarMake=Cadillac, CarModel=ATS, MobileNumber=8185551231, StreetAddress=12264 NW 73RD, ThirdPartiesConsent=Yes, TitleStatus=Clean, EmployerName=LoanMart INC}]]>
              </value>
            </param>
          </params>
          <reporter-output>
          </reporter-output>
        </test-method> <!-- ApplicationSubmissionCCB -->
      </class> <!-- com.loanmart.test.CCBApplicationSubmission -->
      <class name="com.loanmart.test.AELApplicationSubmission">
        <test-method status="PASS" signature="setUpSuite()[pri:0, instance:com.loanmart.test.AELApplicationSubmission@5442a311]" name="setUpSuite" is-config="true" duration-ms="3827" started-at="2019-11-22T09:25:42Z" finished-at="2019-11-22T09:25:45Z">
          <reporter-output>
          </reporter-output>
        </test-method> <!-- setUpSuite -->
        <test-method status="PASS" signature="setUpClass()[pri:0, instance:com.loanmart.test.AELApplicationSubmission@5442a311]" name="setUpClass" is-config="true" duration-ms="7" started-at="2019-11-22T09:25:46Z" finished-at="2019-11-22T09:25:46Z">
          <reporter-output>
          </reporter-output>
        </test-method> <!-- setUpClass -->
        <test-method status="PASS" signature="setUpClass()[pri:0, instance:com.loanmart.test.AELLOSEditApplication@548e7350]" name="setUpClass" is-config="true" duration-ms="20" started-at="2019-11-22T09:25:46Z" finished-at="2019-11-22T09:25:46Z">
          <reporter-output>
          </reporter-output>
        </test-method> <!-- setUpClass -->
        <test-method status="PASS" signature="setUpClass()[pri:0, instance:com.loanmart.test.CCBApplicationSubmission@1a968a59]" name="setUpClass" is-config="true" duration-ms="1" started-at="2019-11-22T09:25:46Z" finished-at="2019-11-22T09:25:46Z">
          <reporter-output>
          </reporter-output>
        </test-method> <!-- setUpClass -->
        <test-method status="PASS" signature="setUpClass()[pri:0, instance:com.loanmart.test.LOSEditApplication@4667ae56]" name="setUpClass" is-config="true" duration-ms="0" started-at="2019-11-22T09:25:46Z" finished-at="2019-11-22T09:25:46Z">
          <reporter-output>
          </reporter-output>
        </test-method> <!-- setUpClass -->
        <test-method status="PASS" signature="launchBrowser()[pri:0, instance:com.loanmart.test.AELApplicationSubmission@5442a311]" name="launchBrowser" is-config="true" duration-ms="2739" started-at="2019-11-22T09:25:46Z" finished-at="2019-11-22T09:25:49Z">
          <reporter-output>
          </reporter-output>
        </test-method> <!-- launchBrowser -->
        <test-method status="FAIL" signature="ApplicationSubmissionAEL(java.util.HashMap)[pri:0, instance:com.loanmart.test.AELApplicationSubmission@5442a311]" name="ApplicationSubmissionAEL" duration-ms="5085" started-at="2019-11-22T09:25:49Z" data-provider="dp" finished-at="2019-11-22T09:25:54Z">
          <params>
            <param index="0">
              <value>
                <![CDATA[{HowLongHaveYouBeenInYourCurrentJob=Yes, Email=random@email.com, MortgageRent=1200, CarMileage=40000, PaidOff=Yes, LoanNumber=4643402, ESignedConsent=Yes, YearsAtEmployer=5, DoYouHaveAnotherCar=Yes, DOB=11/12/1978, AreYouAbleToProvideProofBankAccount=Yes, CarStyle=4D SUV FWD - Base, GrossMonthlyIncome=5000, Color=White, Terms=Yes, CarYear=2016, City=Calabasas, EmployeeTitle=SSI / Benefits, State=California, Running=Yes, MonthsAtEmployer=5, LastName=Alderson, ReasonForLoan=Pleasure, ActiveMilitary=Yes, TextTerms=Yes, Ownership=Rent, DoYouDriveThisCarToWork=Yes, StateTitle=Yes, DriverLicenseNumber=QATEST01, DriverLicenseState=California, DoYouHaveAnAutomobile=Yes, FICO=787, AreYouAbleToProvideProofOfInsurance=Yes, IncomeType=Retired / Benefits, GrossIncome=5000, LivedMonths=4, FirstName=Marc, ZipCode=91302, LivedYears=10, LicensePlate=QATEST01, HowLongHaveYouOwnedThisCar=Yes, OtherIncome=5000, WillYouBeAbleToDriveYourCar=Yes, HomeNumber=8189794827, SSN=666367098, CarMake=Acura, CarModel=RDX, MobileNumber=8188766573, StreetAddress=4050 Old Topanga Canyon Rd, ThirdPartiesConsent=Yes, TitleStatus=Clean, EmployerName=SSI / Benefits}]]>
              </value>
            </param>
          </params>
          <exception class="java.lang.AssertionError">
            <message>
              <![CDATA[expected [true] but found [false]]]>
            </message>
            <full-stacktrace>
              <![CDATA[java.lang.AssertionError: expected [true] but found [false]
	at org.testng.Assert.fail(Assert.java:93)
	at org.testng.Assert.failNotEquals(Assert.java:512)
	at org.testng.Assert.assertTrue(Assert.java:41)
	at org.testng.Assert.assertTrue(Assert.java:51)
	at com.loanmart.test.AELApplicationSubmission.vehicleInformation(AELApplicationSubmission.java:107)
	at com.loanmart.test.AELApplicationSubmission.ApplicationSubmissionAEL(AELApplicationSubmission.java:58)
	at sun.reflect.NativeMethodAccessorImpl.invoke0(Native Method)
	at sun.reflect.NativeMethodAccessorImpl.invoke(NativeMethodAccessorImpl.java:62)
	at sun.reflect.DelegatingMethodAccessorImpl.invoke(DelegatingMethodAccessorImpl.java:43)
	at java.lang.reflect.Method.invoke(Method.java:498)
	at org.testng.internal.MethodInvocationHelper.invokeMethod(MethodInvocationHelper.java:108)
	at org.testng.internal.Invoker.invokeMethod(Invoker.java:661)
	at org.testng.internal.Invoker.invokeTestMethod(Invoker.java:869)
	at org.testng.internal.Invoker.invokeTestMethods(Invoker.java:1193)
	at org.testng.internal.TestMethodWorker.invokeTestMethods(TestMethodWorker.java:126)
	at org.testng.internal.TestMethodWorker.run(TestMethodWorker.java:109)
	at org.testng.TestRunner.privateRun(TestRunner.java:744)
	at org.testng.TestRunner.run(TestRunner.java:602)
	at org.testng.SuiteRunner.runTest(SuiteRunner.java:380)
	at org.testng.SuiteRunner.runSequentially(SuiteRunner.java:375)
	at org.testng.SuiteRunner.privateRun(SuiteRunner.java:340)
	at org.testng.SuiteRunner.run(SuiteRunner.java:289)
	at org.testng.SuiteRunnerWorker.runSuite(SuiteRunnerWorker.java:52)
	at org.testng.SuiteRunnerWorker.run(SuiteRunnerWorker.java:86)
	at org.testng.TestNG.runSuitesSequentially(TestNG.java:1301)
	at org.testng.TestNG.runSuitesLocally(TestNG.java:1226)
	at org.testng.TestNG.runSuites(TestNG.java:1144)
	at org.testng.TestNG.run(TestNG.java:1115)
	at org.apache.maven.surefire.testng.TestNGExecutor.run(TestNGExecutor.java:135)
	at org.apache.maven.surefire.testng.TestNGDirectoryTestSuite.executeMulti(TestNGDirectoryTestSuite.java:193)
	at org.apache.maven.surefire.testng.TestNGDirectoryTestSuite.execute(TestNGDirectoryTestSuite.java:94)
	at org.apache.maven.surefire.testng.TestNGProvider.invoke(TestNGProvider.java:146)
	at org.apache.maven.surefire.booter.ForkedBooter.invokeProviderInSameClassLoader(ForkedBooter.java:384)
	at org.apache.maven.surefire.booter.ForkedBooter.runSuitesInProcess(ForkedBooter.java:345)
	at org.apache.maven.surefire.booter.ForkedBooter.execute(ForkedBooter.java:126)
	at org.apache.maven.surefire.booter.ForkedBooter.main(ForkedBooter.java:418)
]]>
            </full-stacktrace>
          </exception> <!-- java.lang.AssertionError -->
          <reporter-output>
          </reporter-output>
        </test-method> <!-- ApplicationSubmissionAEL -->
        <test-method status="PASS" signature="tearDownSuite()[pri:0, instance:com.loanmart.test.AELApplicationSubmission@5442a311]" name="tearDownSuite" is-config="true" duration-ms="1159" started-at="2019-11-22T09:28:22Z" finished-at="2019-11-22T09:28:23Z">
          <reporter-output>
          </reporter-output>
        </test-method> <!-- tearDownSuite -->
      </class> <!-- com.loanmart.test.AELApplicationSubmission -->
      <class name="com.loanmart.test.AELLOSEditApplication">
        <test-method status="SKIP" signature="AELEditLOSApplication(java.util.HashMap)[pri:0, instance:com.loanmart.test.AELLOSEditApplication@548e7350]" name="AELEditLOSApplication" duration-ms="0" depends-on-groups="AEL" started-at="2019-11-22T09:26:34Z" data-provider="dp" finished-at="2019-11-22T09:26:34Z">
          <exception class="java.lang.Throwable">
            <message>
              <![CDATA[Method AELLOSEditApplication.AELEditLOSApplication(java.util.HashMap)[pri:0, instance:com.loanmart.test.AELLOSEditApplication@548e7350] depends on not successfully finished methods in group "AEL"]]>
            </message>
            <full-stacktrace>
              <![CDATA[java.lang.Throwable: Method AELLOSEditApplication.AELEditLOSApplication(java.util.HashMap)[pri:0, instance:com.loanmart.test.AELLOSEditApplication@548e7350] depends on not successfully finished methods in group "AEL"
	at org.testng.internal.Invoker.invokeTestMethods(Invoker.java:1084)
	at org.testng.internal.TestMethodWorker.invokeTestMethods(TestMethodWorker.java:126)
	at org.testng.internal.TestMethodWorker.run(TestMethodWorker.java:109)
	at org.testng.TestRunner.privateRun(TestRunner.java:744)
	at org.testng.TestRunner.run(TestRunner.java:602)
	at org.testng.SuiteRunner.runTest(SuiteRunner.java:380)
	at org.testng.SuiteRunner.runSequentially(SuiteRunner.java:375)
	at org.testng.SuiteRunner.privateRun(SuiteRunner.java:340)
	at org.testng.SuiteRunner.run(SuiteRunner.java:289)
	at org.testng.SuiteRunnerWorker.runSuite(SuiteRunnerWorker.java:52)
	at org.testng.SuiteRunnerWorker.run(SuiteRunnerWorker.java:86)
	at org.testng.TestNG.runSuitesSequentially(TestNG.java:1301)
	at org.testng.TestNG.runSuitesLocally(TestNG.java:1226)
	at org.testng.TestNG.runSuites(TestNG.java:1144)
	at org.testng.TestNG.run(TestNG.java:1115)
	at org.apache.maven.surefire.testng.TestNGExecutor.run(TestNGExecutor.java:135)
	at org.apache.maven.surefire.testng.TestNGDirectoryTestSuite.executeMulti(TestNGDirectoryTestSuite.java:193)
	at org.apache.maven.surefire.testng.TestNGDirectoryTestSuite.execute(TestNGDirectoryTestSuite.java:94)
	at org.apache.maven.surefire.testng.TestNGProvider.invoke(TestNGProvider.java:146)
	at org.apache.maven.surefire.booter.ForkedBooter.invokeProviderInSameClassLoader(ForkedBooter.java:384)
	at org.apache.maven.surefire.booter.ForkedBooter.runSuitesInProcess(ForkedBooter.java:345)
	at org.apache.maven.surefire.booter.ForkedBooter.execute(ForkedBooter.java:126)
	at org.apache.maven.surefire.booter.ForkedBooter.main(ForkedBooter.java:418)
]]>
            </full-stacktrace>
          </exception> <!-- java.lang.Throwable -->
          <reporter-output>
          </reporter-output>
        </test-method> <!-- AELEditLOSApplication -->
      </class> <!-- com.loanmart.test.AELLOSEditApplication -->
    </test> <!-- Surefire test -->
  </suite> <!-- Surefire suite -->
</testng-results>
