<?xml version="1.0" encoding="UTF-8"?>
<testng-results skipped="0" failed="0" ignored="2" total="4" passed="2">
  <reporter-output>
  </reporter-output>
  <suite name="Surefire suite" duration-ms="72606" started-at="2019-10-28T23:19:50Z" finished-at="2019-10-28T23:21:03Z">
    <groups>
      <group name="the_only_one">
        <method signature="ApplyForLoanVTWO.EditALoan()[pri:0, instance:com.loanmart.mainwebsite.ApplyForLoanVTWO@29ee9faa]" name="EditALoan" class="com.loanmart.mainwebsite.ApplyForLoanVTWO"/>
      </group> <!-- the_only_one -->
      <group name="submit_application">
        <method signature="ApplyForLoan.ApplyForLoanTest(java.util.HashMap)[pri:0, instance:com.loanmart.mainwebsite.ApplyForLoan@6767c1fc]" name="ApplyForLoanTest" class="com.loanmart.mainwebsite.ApplyForLoan"/>
      </group> <!-- submit_application -->
    </groups>
    <test name="Surefire test" duration-ms="72606" started-at="2019-10-28T23:19:50Z" finished-at="2019-10-28T23:21:03Z">
      <class name="com.loanmart.mainwebsite.ApplyForLoanVTWO">
        <test-method status="PASS" signature="EditALoan()[pri:0, instance:com.loanmart.mainwebsite.ApplyForLoanVTWO@29ee9faa]" name="EditALoan" duration-ms="1" started-at="2019-10-28T16:21:03Z" finished-at="2019-10-28T16:21:03Z">
          <reporter-output>
          </reporter-output>
        </test-method> <!-- EditALoan -->
      </class> <!-- com.loanmart.mainwebsite.ApplyForLoanVTWO -->
      <class name="com.loanmart.mainwebsite.ApplyForLoan">
        <test-method status="PASS" signature="setUpSuite()[pri:0, instance:com.loanmart.mainwebsite.ApplyForLoan@6767c1fc]" name="setUpSuite" is-config="true" duration-ms="3891" started-at="2019-10-28T16:19:47Z" finished-at="2019-10-28T16:19:50Z">
          <reporter-output>
          </reporter-output>
        </test-method> <!-- setUpSuite -->
        <test-method status="PASS" signature="setUpClass()[pri:0, instance:com.loanmart.mainwebsite.ApplyForLoan@6767c1fc]" name="setUpClass" is-config="true" duration-ms="14" started-at="2019-10-28T16:19:51Z" finished-at="2019-10-28T16:19:51Z">
          <reporter-output>
          </reporter-output>
        </test-method> <!-- setUpClass -->
        <test-method status="PASS" signature="launchBrowser()[pri:0, instance:com.loanmart.mainwebsite.ApplyForLoan@6767c1fc]" name="launchBrowser" is-config="true" duration-ms="4040" started-at="2019-10-28T16:19:51Z" finished-at="2019-10-28T16:19:55Z">
          <reporter-output>
          </reporter-output>
        </test-method> <!-- launchBrowser -->
        <test-method status="PASS" signature="ApplyForLoanTest(java.util.HashMap)[pri:0, instance:com.loanmart.mainwebsite.ApplyForLoan@6767c1fc]" name="ApplyForLoanTest" duration-ms="66763" started-at="2019-10-28T16:19:55Z" data-provider="dp" finished-at="2019-10-28T16:21:02Z">
          <params>
            <param index="0">
              <value>
                <![CDATA[{ActiveMilitary=Yes, TextTerms=Yes, Ownership=Rent, Email=qa@800loanmart.com, MortgageRent=1200, CarMileage=40000, DoYouHaveAnAutomobile=Yes, ESignedConsent=Yes, FICO=787, DOB=11/12/1978, GrossIncome=5000, LivedMonths=4, FirstName=Marc, CarStyle=4D SUV AWD - Base, ZipCode=91302, LivedYears=10, Terms=Yes, CarYear=2016, OtherIncome=1000, City=Calabasas, HomeNumber=8189794827, SSN=666367098, CarMake=Acura, CarModel=RDX, MobileNumber=8188766573, StreetAddress=4050 Old Topanga Canyon Rd, ThirdPartiesConsent=Yes, State=Florida, LastName=Alderson}]]>
              </value>
            </param>
          </params>
          <reporter-output>
          </reporter-output>
        </test-method> <!-- ApplyForLoanTest -->
        <test-method status="PASS" signature="tearDownSuite()[pri:0, instance:com.loanmart.mainwebsite.ApplyForLoan@6767c1fc]" name="tearDownSuite" is-config="true" duration-ms="872" started-at="2019-10-28T16:21:03Z" finished-at="2019-10-28T16:21:04Z">
          <reporter-output>
          </reporter-output>
        </test-method> <!-- tearDownSuite -->
      </class> <!-- com.loanmart.mainwebsite.ApplyForLoan -->
    </test> <!-- Surefire test -->
  </suite> <!-- Surefire suite -->
</testng-results>
