<?xml version="1.0" encoding="UTF-8"?>
<testng-results skipped="0" failed="0" ignored="0" total="2" passed="2">
  <reporter-output>
  </reporter-output>
  <suite name="com.loanmart.mainwebsite.ApplyForLoan" duration-ms="85261" started-at="2019-10-18T21:10:35Z" finished-at="2019-10-18T21:12:00Z">
    <groups>
    </groups>
    <test name="Command line test" duration-ms="85261" started-at="2019-10-18T21:10:35Z" finished-at="2019-10-18T21:12:00Z">
      <class name="com.loanmart.mainwebsite.ApplyForLoan">
        <test-method status="PASS" signature="setUpSuite()[pri:0, instance:com.loanmart.mainwebsite.ApplyForLoan@62ddbd7e]" name="setUpSuite" is-config="true" duration-ms="3946" started-at="2019-10-18T14:10:31Z" finished-at="2019-10-18T14:10:35Z">
          <reporter-output>
          </reporter-output>
        </test-method> <!-- setUpSuite -->
        <test-method status="PASS" signature="setUpClass()[pri:0, instance:com.loanmart.mainwebsite.ApplyForLoan@62ddbd7e]" name="setUpClass" is-config="true" duration-ms="4" started-at="2019-10-18T14:10:35Z" finished-at="2019-10-18T14:10:35Z">
          <reporter-output>
          </reporter-output>
        </test-method> <!-- setUpClass -->
        <test-method status="PASS" signature="launchBrowser()[pri:0, instance:com.loanmart.mainwebsite.ApplyForLoan@62ddbd7e]" name="launchBrowser" is-config="true" duration-ms="2222" started-at="2019-10-18T14:10:35Z" finished-at="2019-10-18T14:10:37Z">
          <reporter-output>
          </reporter-output>
        </test-method> <!-- launchBrowser -->
        <test-method status="PASS" signature="ApplyForLoanTest(java.util.HashMap)[pri:0, instance:com.loanmart.mainwebsite.ApplyForLoan@62ddbd7e]" name="ApplyForLoanTest" duration-ms="53175" started-at="2019-10-18T14:10:37Z" data-provider="dp" finished-at="2019-10-18T14:11:30Z">
          <params>
            <param index="0">
              <value>
                <![CDATA[{ActiveMilitary=Yes, TextTerms=Yes, Ownership=Rent, Email=qa@800loanmart.com, MortgageRent=1200, CarMileage=40000, DoYouHaveAnAutomobile=Yes, ESignedConsent=Yes, FICO=787, DOB=11/12/1978, GrossIncome=5000, LivedMonths=4, FirstName=Marc, CarStyle=4D SUV AWD - Base, ZipCode=91302, LivedYears=10, Terms=Yes, CarYear=2016, OtherIncome=1000, City=Calabasas, HomeNumber=8189794827, SSN=666367098, CarMake=Acura, CarModel=RDX, MobileNumber=8188766573, StreetAddress=4050 Old Topanga Canyon Rd, ThirdPartiesConsent=Yes, State=California, LastName=Alderson}]]>
              </value>
            </param>
          </params>
          <reporter-output>
          </reporter-output>
        </test-method> <!-- ApplyForLoanTest -->
        <test-method status="PASS" signature="launchBrowser()[pri:0, instance:com.loanmart.mainwebsite.ApplyForLoan@62ddbd7e]" name="launchBrowser" is-config="true" duration-ms="841" started-at="2019-10-18T14:11:30Z" finished-at="2019-10-18T14:11:31Z">
          <reporter-output>
          </reporter-output>
        </test-method> <!-- launchBrowser -->
        <test-method status="PASS" signature="ApplyForLoanTest(java.util.HashMap)[pri:0, instance:com.loanmart.mainwebsite.ApplyForLoan@62ddbd7e]" name="ApplyForLoanTest" duration-ms="28996" started-at="2019-10-18T14:11:31Z" data-provider="dp" finished-at="2019-10-18T14:12:00Z">
          <params>
            <param index="0">
              <value>
                <![CDATA[{ActiveMilitary=Yes, TextTerms=Yes, Ownership=Rent, Email=qa1@loanmart.com, MortgageRent=1200, CarMileage=40000, DoYouHaveAnAutomobile=Yes, ESignedConsent=Yes, FICO=800, DOB=11/12/1978, GrossIncome=5000, LivedMonths=4, FirstName=Jul, CarStyle=4D SUV AWD - Base, ZipCode=91302, LivedYears=10, Terms=Yes, CarYear=2016, OtherIncome=1000, City=Calabasas, HomeNumber=8189794827, SSN=666367098, CarMake=Acura, CarModel=RDX, MobileNumber=8188766573, StreetAddress=4050 Old Topanga Canyon Rd, ThirdPartiesConsent=Yes, State=California, LastName=Aled}]]>
              </value>
            </param>
          </params>
          <reporter-output>
          </reporter-output>
        </test-method> <!-- ApplyForLoanTest -->
      </class> <!-- com.loanmart.mainwebsite.ApplyForLoan -->
    </test> <!-- Command line test -->
  </suite> <!-- com.loanmart.mainwebsite.ApplyForLoan -->
</testng-results>
