<?xml version="1.0" encoding="UTF-8"?>
<testng-results skipped="0" failed="0" ignored="6" total="10" passed="4">
  <reporter-output>
  </reporter-output>
  <suite name="Surefire suite" duration-ms="283563" started-at="2019-11-25T18:49:58Z" finished-at="2019-11-25T18:54:42Z">
    <groups>
      <group name="ApplyAndEdit">
        <method signature="CCBApplicationSubmission.ApplicationSubmissionCCB(java.util.HashMap)[pri:0, instance:com.loanmart.test.CCBApplicationSubmission@1a968a59]" name="ApplicationSubmissionCCB" class="com.loanmart.test.CCBApplicationSubmission"/>
        <method signature="LOSEditApplication.EditLOSApplication(java.util.HashMap)[pri:0, instance:com.loanmart.test.LOSEditApplication@4667ae56]" name="EditLOSApplication" class="com.loanmart.test.LOSEditApplication"/>
      </group> <!-- ApplyAndEdit -->
      <group name="CCB">
        <method signature="CCBApplicationSubmission.ApplicationSubmissionCCB(java.util.HashMap)[pri:0, instance:com.loanmart.test.CCBApplicationSubmission@1a968a59]" name="ApplicationSubmissionCCB" class="com.loanmart.test.CCBApplicationSubmission"/>
      </group> <!-- CCB -->
      <group name="EditLOS">
        <method signature="LOSEditApplication.EditLOSApplication(java.util.HashMap)[pri:0, instance:com.loanmart.test.LOSEditApplication@4667ae56]" name="EditLOSApplication" class="com.loanmart.test.LOSEditApplication"/>
      </group> <!-- EditLOS -->
      <group name="AEL">
        <method signature="AELApplicationSubmission.ApplicationSubmissionAEL(java.util.HashMap)[pri:0, instance:com.loanmart.test.AELApplicationSubmission@5442a311]" name="ApplicationSubmissionAEL" class="com.loanmart.test.AELApplicationSubmission"/>
      </group> <!-- AEL -->
      <group name="Regression">
        <method signature="AELApplicationSubmission.ApplicationSubmissionAEL(java.util.HashMap)[pri:0, instance:com.loanmart.test.AELApplicationSubmission@5442a311]" name="ApplicationSubmissionAEL" class="com.loanmart.test.AELApplicationSubmission"/>
        <method signature="AELLOSEditApplication.AELEditLOSApplication(java.util.HashMap)[pri:0, instance:com.loanmart.test.AELLOSEditApplication@548e7350]" name="AELEditLOSApplication" class="com.loanmart.test.AELLOSEditApplication"/>
        <method signature="CCBApplicationSubmission.ApplicationSubmissionCCB(java.util.HashMap)[pri:0, instance:com.loanmart.test.CCBApplicationSubmission@1a968a59]" name="ApplicationSubmissionCCB" class="com.loanmart.test.CCBApplicationSubmission"/>
        <method signature="LOSEditApplication.EditLOSApplication(java.util.HashMap)[pri:0, instance:com.loanmart.test.LOSEditApplication@4667ae56]" name="EditLOSApplication" class="com.loanmart.test.LOSEditApplication"/>
      </group> <!-- Regression -->
      <group name="AELApplyAndEdit">
        <method signature="AELApplicationSubmission.ApplicationSubmissionAEL(java.util.HashMap)[pri:0, instance:com.loanmart.test.AELApplicationSubmission@5442a311]" name="ApplicationSubmissionAEL" class="com.loanmart.test.AELApplicationSubmission"/>
        <method signature="AELLOSEditApplication.AELEditLOSApplication(java.util.HashMap)[pri:0, instance:com.loanmart.test.AELLOSEditApplication@548e7350]" name="AELEditLOSApplication" class="com.loanmart.test.AELLOSEditApplication"/>
      </group> <!-- AELApplyAndEdit -->
      <group name="AELEditLOS">
        <method signature="AELLOSEditApplication.AELEditLOSApplication(java.util.HashMap)[pri:0, instance:com.loanmart.test.AELLOSEditApplication@548e7350]" name="AELEditLOSApplication" class="com.loanmart.test.AELLOSEditApplication"/>
      </group> <!-- AELEditLOS -->
    </groups>
    <test name="Surefire test" duration-ms="283563" started-at="2019-11-25T18:49:58Z" finished-at="2019-11-25T18:54:42Z">
      <class name="com.loanmart.test.LOSEditApplication">
        <test-method status="PASS" signature="launchBrowser()[pri:0, instance:com.loanmart.test.LOSEditApplication@4667ae56]" name="launchBrowser" is-config="true" duration-ms="4321" started-at="2019-11-25T10:53:15Z" finished-at="2019-11-25T10:53:19Z">
          <reporter-output>
          </reporter-output>
        </test-method> <!-- launchBrowser -->
        <test-method status="PASS" signature="EditLOSApplication(java.util.HashMap)[pri:0, instance:com.loanmart.test.LOSEditApplication@4667ae56]" name="EditLOSApplication" duration-ms="82811" depends-on-groups="CCB" started-at="2019-11-25T10:53:19Z" data-provider="dp" finished-at="2019-11-25T10:54:42Z">
          <params>
            <param index="0">
              <value>
                <![CDATA[{HowLongHaveYouBeenInYourCurrentJob=5, Email=qa@800loanmart.com, MortgageRent=800, CarMileage=25000, PaidOff=Yes, LoanNumber=4643598, ESignedConsent=Yes, YearsAtEmployer=5, DoYouHaveAnotherCar=Yes, DOB=12/12/2000, AreYouAbleToProvideProofBankAccount=Yes, CarStyle=4D Sedan 3.6L - Premium, GrossMonthlyIncome=4000, Color=Blue, Terms=Yes, CarYear=2016, City=Parkland, EmployeeTitle=Tech, State=Florida, Running=Yes, MonthsAtEmployer=8, LastName=Choate, ReasonForLoan=Pleasure, ActiveMilitary=Yes, TextTerms=Yes, Ownership=Own, DoYouDriveThisCarToWork=Yes, StateTitle=Yes, DriverLicenseNumber=QATEST01, DriverLicenseState=Florida, DoYouHaveAnAutomobile=Yes, FICO=791, AreYouAbleToProvideProofOfInsurance=Yes, IncomeType=Employed, GrossIncome=4000, LivedMonths=2, FirstName=Thomas, ZipCode=33076, LivedYears=4, LicensePlate=ABC1234, HowLongHaveYouOwnedThisCar=6, OtherIncome=0, WillYouBeAbleToDriveYourCar=Yes, HomeNumber=818553212, SSN=666222165, CarMake=Cadillac, CarModel=ATS, MobileNumber=8185551231, StreetAddress=12264 NW 73RD, ThirdPartiesConsent=Yes, TitleStatus=Clean, EmployerName=LoanMart INC}]]>
              </value>
            </param>
          </params>
          <reporter-output>
          </reporter-output>
        </test-method> <!-- EditLOSApplication -->
        <test-method status="PASS" signature="failureCheckup()[pri:0, instance:com.loanmart.test.LOSEditApplication@4667ae56]" name="failureCheckup" is-config="true" duration-ms="0" started-at="2019-11-25T10:54:42Z" finished-at="2019-11-25T10:54:42Z">
          <reporter-output>
          </reporter-output>
        </test-method> <!-- failureCheckup -->
      </class> <!-- com.loanmart.test.LOSEditApplication -->
      <class name="com.loanmart.test.CCBApplicationSubmission">
        <test-method status="PASS" signature="launchBrowser()[pri:0, instance:com.loanmart.test.CCBApplicationSubmission@1a968a59]" name="launchBrowser" is-config="true" duration-ms="1120" started-at="2019-11-25T10:51:06Z" finished-at="2019-11-25T10:51:07Z">
          <reporter-output>
          </reporter-output>
        </test-method> <!-- launchBrowser -->
        <test-method status="PASS" signature="ApplicationSubmissionCCB(java.util.HashMap)[pri:0, instance:com.loanmart.test.CCBApplicationSubmission@1a968a59]" name="ApplicationSubmissionCCB" duration-ms="22035" started-at="2019-11-25T10:51:07Z" data-provider="dp" finished-at="2019-11-25T10:51:29Z">
          <params>
            <param index="0">
              <value>
                <![CDATA[{HowLongHaveYouBeenInYourCurrentJob=5, Email=qa@800loanmart.com, MortgageRent=800, CarMileage=25000, PaidOff=Yes, LoanNumber=4643546, ESignedConsent=Yes, YearsAtEmployer=5, DoYouHaveAnotherCar=Yes, DOB=12/12/2000, AreYouAbleToProvideProofBankAccount=Yes, CarStyle=4D Sedan 3.6L - Premium, GrossMonthlyIncome=4000, Color=Blue, Terms=Yes, CarYear=2016, City=Parkland, EmployeeTitle=Tech, State=Florida, Running=Yes, MonthsAtEmployer=8, LastName=Choate, ReasonForLoan=Pleasure, ActiveMilitary=Yes, TextTerms=Yes, Ownership=Own, DoYouDriveThisCarToWork=Yes, StateTitle=Yes, DriverLicenseNumber=QATEST01, DriverLicenseState=Florida, DoYouHaveAnAutomobile=Yes, FICO=791, AreYouAbleToProvideProofOfInsurance=Yes, IncomeType=Employed, GrossIncome=4000, LivedMonths=2, FirstName=Thomas, ZipCode=33076, LivedYears=4, LicensePlate=ABC1234, HowLongHaveYouOwnedThisCar=6, OtherIncome=0, WillYouBeAbleToDriveYourCar=Yes, HomeNumber=818553212, SSN=666222165, CarMake=Cadillac, CarModel=ATS, MobileNumber=8185551231, StreetAddress=12264 NW 73RD, ThirdPartiesConsent=Yes, TitleStatus=Clean, EmployerName=LoanMart INC}]]>
              </value>
            </param>
          </params>
          <reporter-output>
          </reporter-output>
        </test-method> <!-- ApplicationSubmissionCCB -->
      </class> <!-- com.loanmart.test.CCBApplicationSubmission -->
      <class name="com.loanmart.test.AELApplicationSubmission">
        <test-method status="PASS" signature="setUpSuite()[pri:0, instance:com.loanmart.test.AELApplicationSubmission@5442a311]" name="setUpSuite" is-config="true" duration-ms="3882" started-at="2019-11-25T10:49:55Z" finished-at="2019-11-25T10:49:58Z">
          <reporter-output>
          </reporter-output>
        </test-method> <!-- setUpSuite -->
        <test-method status="PASS" signature="setUpClass()[pri:0, instance:com.loanmart.test.AELApplicationSubmission@5442a311]" name="setUpClass" is-config="true" duration-ms="12" started-at="2019-11-25T10:49:59Z" finished-at="2019-11-25T10:49:59Z">
          <reporter-output>
          </reporter-output>
        </test-method> <!-- setUpClass -->
        <test-method status="PASS" signature="setUpClass()[pri:0, instance:com.loanmart.test.AELLOSEditApplication@548e7350]" name="setUpClass" is-config="true" duration-ms="16" started-at="2019-11-25T10:49:59Z" finished-at="2019-11-25T10:49:59Z">
          <reporter-output>
          </reporter-output>
        </test-method> <!-- setUpClass -->
        <test-method status="PASS" signature="setUpClass()[pri:0, instance:com.loanmart.test.LOSEditApplication@4667ae56]" name="setUpClass" is-config="true" duration-ms="0" started-at="2019-11-25T10:49:59Z" finished-at="2019-11-25T10:49:59Z">
          <reporter-output>
          </reporter-output>
        </test-method> <!-- setUpClass -->
        <test-method status="PASS" signature="setUpClass()[pri:0, instance:com.loanmart.test.CCBApplicationSubmission@1a968a59]" name="setUpClass" is-config="true" duration-ms="0" started-at="2019-11-25T10:49:59Z" finished-at="2019-11-25T10:49:59Z">
          <reporter-output>
          </reporter-output>
        </test-method> <!-- setUpClass -->
        <test-method status="PASS" signature="launchBrowser()[pri:0, instance:com.loanmart.test.AELApplicationSubmission@5442a311]" name="launchBrowser" is-config="true" duration-ms="4993" started-at="2019-11-25T10:49:59Z" finished-at="2019-11-25T10:50:04Z">
          <reporter-output>
          </reporter-output>
        </test-method> <!-- launchBrowser -->
        <test-method status="PASS" signature="ApplicationSubmissionAEL(java.util.HashMap)[pri:0, instance:com.loanmart.test.AELApplicationSubmission@5442a311]" name="ApplicationSubmissionAEL" duration-ms="61170" started-at="2019-11-25T10:50:04Z" data-provider="dp" finished-at="2019-11-25T10:51:05Z">
          <params>
            <param index="0">
              <value>
                <![CDATA[{HowLongHaveYouBeenInYourCurrentJob=Yes, Email=random@email.com, MortgageRent=1200, CarMileage=40000, PaidOff=Yes, LoanNumber=4643402, ESignedConsent=Yes, YearsAtEmployer=5, DoYouHaveAnotherCar=Yes, DOB=11/12/1978, AreYouAbleToProvideProofBankAccount=Yes, CarStyle=4D SUV FWD - Base, GrossMonthlyIncome=5000, Color=White, Terms=Yes, CarYear=2016, City=Calabasas, EmployeeTitle=SSI / Benefits, State=California, Running=Yes, MonthsAtEmployer=5, LastName=Alderson, ReasonForLoan=Pleasure, ActiveMilitary=Yes, TextTerms=Yes, Ownership=Rent, DoYouDriveThisCarToWork=Yes, StateTitle=Yes, DriverLicenseNumber=QATEST01, DriverLicenseState=California, DoYouHaveAnAutomobile=Yes, FICO=787, AreYouAbleToProvideProofOfInsurance=Yes, IncomeType=Retired / Benefits, GrossIncome=5000, LivedMonths=4, FirstName=Marc, ZipCode=91302, LivedYears=10, LicensePlate=QATEST01, HowLongHaveYouOwnedThisCar=Yes, OtherIncome=5000, WillYouBeAbleToDriveYourCar=Yes, HomeNumber=8189794827, SSN=666367098, CarMake=Acura, CarModel=RDX, MobileNumber=8188766573, StreetAddress=4050 Old Topanga Canyon Rd, ThirdPartiesConsent=Yes, TitleStatus=Clean, EmployerName=SSI / Benefits}]]>
              </value>
            </param>
          </params>
          <reporter-output>
          </reporter-output>
        </test-method> <!-- ApplicationSubmissionAEL -->
        <test-method status="PASS" signature="tearDownSuite()[pri:0, instance:com.loanmart.test.AELApplicationSubmission@5442a311]" name="tearDownSuite" is-config="true" duration-ms="965" started-at="2019-11-25T10:54:42Z" finished-at="2019-11-25T10:54:43Z">
          <reporter-output>
          </reporter-output>
        </test-method> <!-- tearDownSuite -->
      </class> <!-- com.loanmart.test.AELApplicationSubmission -->
      <class name="com.loanmart.test.AELLOSEditApplication">
        <test-method status="PASS" signature="launchBrowser()[pri:0, instance:com.loanmart.test.AELLOSEditApplication@548e7350]" name="launchBrowser" is-config="true" duration-ms="4930" started-at="2019-11-25T10:51:30Z" finished-at="2019-11-25T10:51:35Z">
          <reporter-output>
          </reporter-output>
        </test-method> <!-- launchBrowser -->
        <test-method status="PASS" signature="AELEditLOSApplication(java.util.HashMap)[pri:0, instance:com.loanmart.test.AELLOSEditApplication@548e7350]" name="AELEditLOSApplication" duration-ms="99552" depends-on-groups="AEL" started-at="2019-11-25T10:51:35Z" data-provider="dp" finished-at="2019-11-25T10:53:14Z">
          <params>
            <param index="0">
              <value>
                <![CDATA[{HowLongHaveYouBeenInYourCurrentJob=Yes, Email=random@email.com, MortgageRent=1200, CarMileage=40000, PaidOff=Yes, LoanNumber=4643597, ESignedConsent=Yes, YearsAtEmployer=5, DoYouHaveAnotherCar=Yes, DOB=11/12/1978, AreYouAbleToProvideProofBankAccount=Yes, CarStyle=4D SUV FWD - Base, GrossMonthlyIncome=5000, Color=White, Terms=Yes, CarYear=2016, City=Calabasas, EmployeeTitle=SSI / Benefits, State=California, Running=Yes, MonthsAtEmployer=5, LastName=Alderson, ReasonForLoan=Pleasure, ActiveMilitary=Yes, TextTerms=Yes, Ownership=Rent, DoYouDriveThisCarToWork=Yes, StateTitle=Yes, DriverLicenseNumber=QATEST01, DriverLicenseState=California, DoYouHaveAnAutomobile=Yes, FICO=787, AreYouAbleToProvideProofOfInsurance=Yes, IncomeType=Retired / Benefits, GrossIncome=5000, LivedMonths=4, FirstName=Marc, ZipCode=91302, LivedYears=10, LicensePlate=QATEST01, HowLongHaveYouOwnedThisCar=Yes, OtherIncome=5000, WillYouBeAbleToDriveYourCar=Yes, HomeNumber=8189794827, SSN=666367098, CarMake=Acura, CarModel=RDX, MobileNumber=8188766573, StreetAddress=4050 Old Topanga Canyon Rd, ThirdPartiesConsent=Yes, TitleStatus=Clean, EmployerName=SSI / Benefits}]]>
              </value>
            </param>
          </params>
          <reporter-output>
          </reporter-output>
        </test-method> <!-- AELEditLOSApplication -->
        <test-method status="PASS" signature="failureCheckup()[pri:0, instance:com.loanmart.test.AELLOSEditApplication@548e7350]" name="failureCheckup" is-config="true" duration-ms="1" started-at="2019-11-25T10:53:15Z" finished-at="2019-11-25T10:53:15Z">
          <reporter-output>
          </reporter-output>
        </test-method> <!-- failureCheckup -->
      </class> <!-- com.loanmart.test.AELLOSEditApplication -->
    </test> <!-- Surefire test -->
  </suite> <!-- Surefire suite -->
</testng-results>
