<?xml version="1.0" encoding="UTF-8"?>
<testng-results skipped="0" failed="0" ignored="0" total="1" passed="1">
  <reporter-output>
  </reporter-output>
  <suite name="Surefire suite" duration-ms="36932" started-at="2019-10-24T21:15:09Z" finished-at="2019-10-24T21:15:46Z">
    <groups>
      <group name="submit_application">
        <method signature="ApplyForLoan.ApplyForLoanTest(java.util.HashMap)[pri:0, instance:com.loanmart.mainwebsite.ApplyForLoan@55fe41ea]" name="ApplyForLoanTest" class="com.loanmart.mainwebsite.ApplyForLoan"/>
      </group> <!-- submit_application -->
    </groups>
    <test name="Surefire test" duration-ms="36932" started-at="2019-10-24T21:15:09Z" finished-at="2019-10-24T21:15:46Z">
      <class name="com.loanmart.mainwebsite.ApplyForLoan">
        <test-method status="PASS" signature="setUpSuite(org.testng.ITestContext)[pri:0, instance:com.loanmart.mainwebsite.ApplyForLoan@55fe41ea]" name="setUpSuite" is-config="true" duration-ms="3841" started-at="2019-10-24T14:15:06Z" finished-at="2019-10-24T14:15:09Z">
          <params>
            <param index="0">
              <value>
                <![CDATA[org.testng.TestRunner@ec0c838]]>
              </value>
            </param>
          </params>
          <reporter-output>
          </reporter-output>
        </test-method> <!-- setUpSuite -->
        <test-method status="PASS" signature="setUpClass()[pri:0, instance:com.loanmart.mainwebsite.ApplyForLoan@55fe41ea]" name="setUpClass" is-config="true" duration-ms="14" started-at="2019-10-24T14:15:10Z" finished-at="2019-10-24T14:15:10Z">
          <reporter-output>
          </reporter-output>
        </test-method> <!-- setUpClass -->
        <test-method status="PASS" signature="launchBrowser()[pri:0, instance:com.loanmart.mainwebsite.ApplyForLoan@55fe41ea]" name="launchBrowser" is-config="true" duration-ms="3564" started-at="2019-10-24T14:15:10Z" finished-at="2019-10-24T14:15:14Z">
          <reporter-output>
          </reporter-output>
        </test-method> <!-- launchBrowser -->
        <test-method status="PASS" signature="ApplyForLoanTest(java.util.HashMap)[pri:0, instance:com.loanmart.mainwebsite.ApplyForLoan@55fe41ea]" name="ApplyForLoanTest" duration-ms="31078" started-at="2019-10-24T14:15:14Z" data-provider="dp" finished-at="2019-10-24T14:15:45Z">
          <params>
            <param index="0">
              <value>
                <![CDATA[{ActiveMilitary=Yes, TextTerms=Yes, Ownership=Rent, Email=qa@800loanmart.com, MortgageRent=1200, CarMileage=40000, DoYouHaveAnAutomobile=Yes, ESignedConsent=Yes, FICO=787, DOB=11/12/1978, GrossIncome=5000, LivedMonths=4, FirstName=Marc, CarStyle=4D SUV AWD - Base, ZipCode=91302, LivedYears=10, Terms=Yes, CarYear=2016, OtherIncome=1000, City=Calabasas, HomeNumber=8189794827, SSN=666367098, CarMake=Acura, CarModel=RDX, MobileNumber=8188766573, StreetAddress=4050 Old Topanga Canyon Rd, ThirdPartiesConsent=Yes, State=Florida, LastName=Alderson}]]>
              </value>
            </param>
          </params>
          <reporter-output>
          </reporter-output>
        </test-method> <!-- ApplyForLoanTest -->
        <test-method status="PASS" signature="tearDownSuite()[pri:0, instance:com.loanmart.mainwebsite.ApplyForLoan@55fe41ea]" name="tearDownSuite" is-config="true" duration-ms="871" started-at="2019-10-24T14:15:46Z" finished-at="2019-10-24T14:15:47Z">
          <reporter-output>
          </reporter-output>
        </test-method> <!-- tearDownSuite -->
      </class> <!-- com.loanmart.mainwebsite.ApplyForLoan -->
    </test> <!-- Surefire test -->
  </suite> <!-- Surefire suite -->
</testng-results>
