<?xml version="1.0" encoding="UTF-8"?>
<testng-results skipped="0" failed="0" ignored="6" total="10" passed="4">
  <reporter-output>
  </reporter-output>
  <suite name="Surefire suite" duration-ms="189851" started-at="2019-11-19T22:29:51Z" finished-at="2019-11-19T22:33:01Z">
    <groups>
      <group name="ApplyAndEdit">
        <method signature="CCBApplicationSubmission.ApplicationSubmissionCCB(java.util.HashMap)[pri:0, instance:com.loanmart.test.CCBApplicationSubmission@548e7350]" name="ApplicationSubmissionCCB" class="com.loanmart.test.CCBApplicationSubmission"/>
        <method signature="LOSEditApplication.EditLOSApplication(java.util.HashMap)[pri:0, instance:com.loanmart.test.LOSEditApplication@1a968a59]" name="EditLOSApplication" class="com.loanmart.test.LOSEditApplication"/>
      </group> <!-- ApplyAndEdit -->
      <group name="CCB">
        <method signature="CCBApplicationSubmission.ApplicationSubmissionCCB(java.util.HashMap)[pri:0, instance:com.loanmart.test.CCBApplicationSubmission@548e7350]" name="ApplicationSubmissionCCB" class="com.loanmart.test.CCBApplicationSubmission"/>
      </group> <!-- CCB -->
      <group name="EditLOS">
        <method signature="LOSEditApplication.EditLOSApplication(java.util.HashMap)[pri:0, instance:com.loanmart.test.LOSEditApplication@1a968a59]" name="EditLOSApplication" class="com.loanmart.test.LOSEditApplication"/>
      </group> <!-- EditLOS -->
      <group name="AEL">
        <method signature="AELApplicationSubmission.ApplicationSubmissionAEL(java.util.HashMap)[pri:0, instance:com.loanmart.test.AELApplicationSubmission@53b32d7]" name="ApplicationSubmissionAEL" class="com.loanmart.test.AELApplicationSubmission"/>
      </group> <!-- AEL -->
      <group name="Regression">
        <method signature="AELApplicationSubmission.ApplicationSubmissionAEL(java.util.HashMap)[pri:0, instance:com.loanmart.test.AELApplicationSubmission@53b32d7]" name="ApplicationSubmissionAEL" class="com.loanmart.test.AELApplicationSubmission"/>
        <method signature="AELLOSEditApplication.AELEditLOSApplication(java.util.HashMap)[pri:0, instance:com.loanmart.test.AELLOSEditApplication@5442a311]" name="AELEditLOSApplication" class="com.loanmart.test.AELLOSEditApplication"/>
        <method signature="CCBApplicationSubmission.ApplicationSubmissionCCB(java.util.HashMap)[pri:0, instance:com.loanmart.test.CCBApplicationSubmission@548e7350]" name="ApplicationSubmissionCCB" class="com.loanmart.test.CCBApplicationSubmission"/>
        <method signature="LOSEditApplication.EditLOSApplication(java.util.HashMap)[pri:0, instance:com.loanmart.test.LOSEditApplication@1a968a59]" name="EditLOSApplication" class="com.loanmart.test.LOSEditApplication"/>
      </group> <!-- Regression -->
      <group name="AELApplyAndEdit">
        <method signature="AELApplicationSubmission.ApplicationSubmissionAEL(java.util.HashMap)[pri:0, instance:com.loanmart.test.AELApplicationSubmission@53b32d7]" name="ApplicationSubmissionAEL" class="com.loanmart.test.AELApplicationSubmission"/>
        <method signature="AELLOSEditApplication.AELEditLOSApplication(java.util.HashMap)[pri:0, instance:com.loanmart.test.AELLOSEditApplication@5442a311]" name="AELEditLOSApplication" class="com.loanmart.test.AELLOSEditApplication"/>
      </group> <!-- AELApplyAndEdit -->
      <group name="AELEditLOS">
        <method signature="AELLOSEditApplication.AELEditLOSApplication(java.util.HashMap)[pri:0, instance:com.loanmart.test.AELLOSEditApplication@5442a311]" name="AELEditLOSApplication" class="com.loanmart.test.AELLOSEditApplication"/>
      </group> <!-- AELEditLOS -->
    </groups>
    <test name="Surefire test" duration-ms="189851" started-at="2019-11-19T22:29:51Z" finished-at="2019-11-19T22:33:01Z">
      <class name="com.loanmart.test.LOSEditApplication">
        <test-method status="PASS" signature="launchBrowser()[pri:0, instance:com.loanmart.test.LOSEditApplication@1a968a59]" name="launchBrowser" is-config="true" duration-ms="2081" started-at="2019-11-19T14:31:49Z" finished-at="2019-11-19T14:31:51Z">
          <reporter-output>
          </reporter-output>
        </test-method> <!-- launchBrowser -->
        <test-method status="PASS" signature="EditLOSApplication(java.util.HashMap)[pri:0, instance:com.loanmart.test.LOSEditApplication@1a968a59]" name="EditLOSApplication" duration-ms="68919" depends-on-groups="CCB" started-at="2019-11-19T14:31:51Z" data-provider="dp" finished-at="2019-11-19T14:33:00Z">
          <params>
            <param index="0">
              <value>
                <![CDATA[{HowLongHaveYouBeenInYourCurrentJob=5, Email=qa@800loanmart.com, MortgageRent=800, CarMileage=25000, PaidOff=Yes, LoanNumber=4643377, ESignedConsent=Yes, YearsAtEmployer=5, DoYouHaveAnotherCar=Yes, DOB=12/12/2000, AreYouAbleToProvideProofBankAccount=Yes, CarStyle=4D Sedan 3.6L - Premium, GrossMonthlyIncome=4000, Color=Blue, Terms=Yes, CarYear=2016, City=Parkland, EmployeeTitle=Tech, State=Florida, Running=Yes, MonthsAtEmployer=8, LastName=Choate, ReasonForLoan=Pleasure, ActiveMilitary=Yes, TextTerms=Yes, Ownership=Own, DoYouDriveThisCarToWork=Yes, StateTitle=Yes, DriverLicenseNumber=QATEST01, DriverLicenseState=Florida, DoYouHaveAnAutomobile=Yes, FICO=791, AreYouAbleToProvideProofOfInsurance=Yes, IncomeType=Employed, GrossIncome=4000, LivedMonths=2, FirstName=Thomas, ZipCode=33076, LivedYears=4, LicensePlate=ABC1234, HowLongHaveYouOwnedThisCar=6, OtherIncome=0, WillYouBeAbleToDriveYourCar=Yes, HomeNumber=818553212, SSN=666222165, CarMake=Cadillac, CarModel=ATS, MobileNumber=8185551231, StreetAddress=12264 NW 73RD, ThirdPartiesConsent=Yes, TitleStatus=Clean, EmployerName=LoanMart INC}]]>
              </value>
            </param>
          </params>
          <reporter-output>
          </reporter-output>
        </test-method> <!-- EditLOSApplication -->
        <test-method status="PASS" signature="failureCheckup()[pri:0, instance:com.loanmart.test.LOSEditApplication@1a968a59]" name="failureCheckup" is-config="true" duration-ms="1" started-at="2019-11-19T14:33:01Z" finished-at="2019-11-19T14:33:01Z">
          <reporter-output>
          </reporter-output>
        </test-method> <!-- failureCheckup -->
      </class> <!-- com.loanmart.test.LOSEditApplication -->
      <class name="com.loanmart.test.CCBApplicationSubmission">
        <test-method status="PASS" signature="launchBrowser()[pri:0, instance:com.loanmart.test.CCBApplicationSubmission@548e7350]" name="launchBrowser" is-config="true" duration-ms="931" started-at="2019-11-19T14:30:22Z" finished-at="2019-11-19T14:30:23Z">
          <reporter-output>
          </reporter-output>
        </test-method> <!-- launchBrowser -->
        <test-method status="PASS" signature="ApplicationSubmissionCCB(java.util.HashMap)[pri:0, instance:com.loanmart.test.CCBApplicationSubmission@548e7350]" name="ApplicationSubmissionCCB" duration-ms="22314" started-at="2019-11-19T14:30:23Z" data-provider="dp" finished-at="2019-11-19T14:30:46Z">
          <params>
            <param index="0">
              <value>
                <![CDATA[{HowLongHaveYouBeenInYourCurrentJob=5, Email=qa@800loanmart.com, MortgageRent=800, CarMileage=25000, PaidOff=Yes, LoanNumber=4643375, ESignedConsent=Yes, YearsAtEmployer=5, DoYouHaveAnotherCar=Yes, DOB=12/12/2000, AreYouAbleToProvideProofBankAccount=Yes, CarStyle=4D Sedan 3.6L - Premium, GrossMonthlyIncome=4000, Color=Blue, Terms=Yes, CarYear=2016, City=Parkland, EmployeeTitle=Tech, State=Florida, Running=Yes, MonthsAtEmployer=8, LastName=Choate, ReasonForLoan=Pleasure, ActiveMilitary=Yes, TextTerms=Yes, Ownership=Own, DoYouDriveThisCarToWork=Yes, StateTitle=Yes, DriverLicenseNumber=QATEST01, DriverLicenseState=Florida, DoYouHaveAnAutomobile=Yes, FICO=791, AreYouAbleToProvideProofOfInsurance=Yes, IncomeType=Employed, GrossIncome=4000, LivedMonths=2, FirstName=Thomas, ZipCode=33076, LivedYears=4, LicensePlate=ABC1234, HowLongHaveYouOwnedThisCar=6, OtherIncome=0, WillYouBeAbleToDriveYourCar=Yes, HomeNumber=818553212, SSN=666222165, CarMake=Cadillac, CarModel=ATS, MobileNumber=8185551231, StreetAddress=12264 NW 73RD, ThirdPartiesConsent=Yes, TitleStatus=Clean, EmployerName=LoanMart INC}]]>
              </value>
            </param>
          </params>
          <reporter-output>
          </reporter-output>
        </test-method> <!-- ApplicationSubmissionCCB -->
      </class> <!-- com.loanmart.test.CCBApplicationSubmission -->
      <class name="com.loanmart.test.AELApplicationSubmission">
        <test-method status="PASS" signature="setUpSuite()[pri:0, instance:com.loanmart.test.AELApplicationSubmission@53b32d7]" name="setUpSuite" is-config="true" duration-ms="3762" started-at="2019-11-19T14:29:47Z" finished-at="2019-11-19T14:29:51Z">
          <reporter-output>
          </reporter-output>
        </test-method> <!-- setUpSuite -->
        <test-method status="PASS" signature="setUpClass()[pri:0, instance:com.loanmart.test.AELApplicationSubmission@53b32d7]" name="setUpClass" is-config="true" duration-ms="13" started-at="2019-11-19T14:29:51Z" finished-at="2019-11-19T14:29:51Z">
          <reporter-output>
          </reporter-output>
        </test-method> <!-- setUpClass -->
        <test-method status="PASS" signature="setUpClass()[pri:0, instance:com.loanmart.test.AELLOSEditApplication@5442a311]" name="setUpClass" is-config="true" duration-ms="17" started-at="2019-11-19T14:29:51Z" finished-at="2019-11-19T14:29:51Z">
          <reporter-output>
          </reporter-output>
        </test-method> <!-- setUpClass -->
        <test-method status="PASS" signature="setUpClass()[pri:0, instance:com.loanmart.test.CCBApplicationSubmission@548e7350]" name="setUpClass" is-config="true" duration-ms="0" started-at="2019-11-19T14:29:51Z" finished-at="2019-11-19T14:29:51Z">
          <reporter-output>
          </reporter-output>
        </test-method> <!-- setUpClass -->
        <test-method status="PASS" signature="setUpClass()[pri:0, instance:com.loanmart.test.LOSEditApplication@1a968a59]" name="setUpClass" is-config="true" duration-ms="1" started-at="2019-11-19T14:29:51Z" finished-at="2019-11-19T14:29:51Z">
          <reporter-output>
          </reporter-output>
        </test-method> <!-- setUpClass -->
        <test-method status="PASS" signature="launchBrowser()[pri:0, instance:com.loanmart.test.AELApplicationSubmission@53b32d7]" name="launchBrowser" is-config="true" duration-ms="2422" started-at="2019-11-19T14:29:52Z" finished-at="2019-11-19T14:29:54Z">
          <reporter-output>
          </reporter-output>
        </test-method> <!-- launchBrowser -->
        <test-method status="PASS" signature="ApplicationSubmissionAEL(java.util.HashMap)[pri:0, instance:com.loanmart.test.AELApplicationSubmission@53b32d7]" name="ApplicationSubmissionAEL" duration-ms="27944" started-at="2019-11-19T14:29:54Z" data-provider="dp" finished-at="2019-11-19T14:30:22Z">
          <params>
            <param index="0">
              <value>
                <![CDATA[{HowLongHaveYouBeenInYourCurrentJob=Yes, Email=random@email.com, MortgageRent=1200, CarMileage=40000, PaidOff=Yes, LoanNumber=4643374, ESignedConsent=Yes, YearsAtEmployer=5, DoYouHaveAnotherCar=Yes, DOB=11/12/1978, AreYouAbleToProvideProofBankAccount=Yes, CarStyle=4D SUV FWD - Base, GrossMonthlyIncome=5000, Color=White, Terms=Yes, CarYear=2016, City=Calabasas, EmployeeTitle=SSI / Benefits, State=California, Running=Yes, MonthsAtEmployer=5, LastName=Alderson, ReasonForLoan=Pleasure, ActiveMilitary=Yes, TextTerms=Yes, Ownership=Rent, DoYouDriveThisCarToWork=Yes, StateTitle=Yes, DriverLicenseNumber=QATEST01, DriverLicenseState=California, DoYouHaveAnAutomobile=Yes, FICO=787, AreYouAbleToProvideProofOfInsurance=Yes, IncomeType=Retired / Benefits, GrossIncome=5000, LivedMonths=4, FirstName=Marc, ZipCode=91302, LivedYears=10, LicensePlate=QATEST01, HowLongHaveYouOwnedThisCar=Yes, OtherIncome=5000, WillYouBeAbleToDriveYourCar=Yes, HomeNumber=8189794827, SSN=666367098, CarMake=Acura, CarModel=RDX, MobileNumber=8188766573, StreetAddress=4050 Old Topanga Canyon Rd, ThirdPartiesConsent=Yes, TitleStatus=Clean, EmployerName=SSI / Benefits}]]>
              </value>
            </param>
          </params>
          <reporter-output>
          </reporter-output>
        </test-method> <!-- ApplicationSubmissionAEL -->
        <test-method status="PASS" signature="tearDownSuite()[pri:0, instance:com.loanmart.test.AELApplicationSubmission@53b32d7]" name="tearDownSuite" is-config="true" duration-ms="1048" started-at="2019-11-19T14:33:01Z" finished-at="2019-11-19T14:33:02Z">
          <reporter-output>
          </reporter-output>
        </test-method> <!-- tearDownSuite -->
      </class> <!-- com.loanmart.test.AELApplicationSubmission -->
      <class name="com.loanmart.test.AELLOSEditApplication">
        <test-method status="PASS" signature="launchBrowser()[pri:0, instance:com.loanmart.test.AELLOSEditApplication@5442a311]" name="launchBrowser" is-config="true" duration-ms="4941" started-at="2019-11-19T14:30:46Z" finished-at="2019-11-19T14:30:51Z">
          <reporter-output>
          </reporter-output>
        </test-method> <!-- launchBrowser -->
        <test-method status="PASS" signature="AELEditLOSApplication(java.util.HashMap)[pri:0, instance:com.loanmart.test.AELLOSEditApplication@5442a311]" name="AELEditLOSApplication" duration-ms="57796" depends-on-groups="AEL" started-at="2019-11-19T14:30:51Z" data-provider="dp" finished-at="2019-11-19T14:31:49Z">
          <params>
            <param index="0">
              <value>
                <![CDATA[{HowLongHaveYouBeenInYourCurrentJob=Yes, Email=random@email.com, MortgageRent=1200, CarMileage=40000, PaidOff=Yes, LoanNumber=4643376, ESignedConsent=Yes, YearsAtEmployer=5, DoYouHaveAnotherCar=Yes, DOB=11/12/1978, AreYouAbleToProvideProofBankAccount=Yes, CarStyle=4D SUV FWD - Base, GrossMonthlyIncome=5000, Color=White, Terms=Yes, CarYear=2016, City=Calabasas, EmployeeTitle=SSI / Benefits, State=California, Running=Yes, MonthsAtEmployer=5, LastName=Alderson, ReasonForLoan=Pleasure, ActiveMilitary=Yes, TextTerms=Yes, Ownership=Rent, DoYouDriveThisCarToWork=Yes, StateTitle=Yes, DriverLicenseNumber=QATEST01, DriverLicenseState=California, DoYouHaveAnAutomobile=Yes, FICO=787, AreYouAbleToProvideProofOfInsurance=Yes, IncomeType=Retired / Benefits, GrossIncome=5000, LivedMonths=4, FirstName=Marc, ZipCode=91302, LivedYears=10, LicensePlate=QATEST01, HowLongHaveYouOwnedThisCar=Yes, OtherIncome=5000, WillYouBeAbleToDriveYourCar=Yes, HomeNumber=8189794827, SSN=666367098, CarMake=Acura, CarModel=RDX, MobileNumber=8188766573, StreetAddress=4050 Old Topanga Canyon Rd, ThirdPartiesConsent=Yes, TitleStatus=Clean, EmployerName=SSI / Benefits}]]>
              </value>
            </param>
          </params>
          <reporter-output>
          </reporter-output>
        </test-method> <!-- AELEditLOSApplication -->
        <test-method status="PASS" signature="failureCheckup()[pri:0, instance:com.loanmart.test.AELLOSEditApplication@5442a311]" name="failureCheckup" is-config="true" duration-ms="0" started-at="2019-11-19T14:31:49Z" finished-at="2019-11-19T14:31:49Z">
          <reporter-output>
          </reporter-output>
        </test-method> <!-- failureCheckup -->
      </class> <!-- com.loanmart.test.AELLOSEditApplication -->
    </test> <!-- Surefire test -->
  </suite> <!-- Surefire suite -->
</testng-results>
