<?xml version="1.0" encoding="UTF-8"?>
<testng-results skipped="0" failed="1" ignored="5" total="7" passed="1">
  <reporter-output>
  </reporter-output>
  <suite name="Surefire suite" duration-ms="106025" started-at="2019-11-18T19:10:48Z" finished-at="2019-11-18T19:12:34Z">
    <groups>
      <group name="ApplyAndEdit">
        <method signature="CCBApplicationSubmission.ApplicationSubmissionCCB(java.util.HashMap)[pri:0, instance:com.loanmart.test.CCBApplicationSubmission@53b32d7]" name="ApplicationSubmissionCCB" class="com.loanmart.test.CCBApplicationSubmission"/>
        <method signature="LOSEditApplication.EditLOSApplication(java.util.HashMap)[pri:0, instance:com.loanmart.test.LOSEditApplication@5442a311]" name="EditLOSApplication" class="com.loanmart.test.LOSEditApplication"/>
      </group> <!-- ApplyAndEdit -->
      <group name="CCB">
        <method signature="CCBApplicationSubmission.ApplicationSubmissionCCB(java.util.HashMap)[pri:0, instance:com.loanmart.test.CCBApplicationSubmission@53b32d7]" name="ApplicationSubmissionCCB" class="com.loanmart.test.CCBApplicationSubmission"/>
      </group> <!-- CCB -->
      <group name="EditLOS">
        <method signature="LOSEditApplication.EditLOSApplication(java.util.HashMap)[pri:0, instance:com.loanmart.test.LOSEditApplication@5442a311]" name="EditLOSApplication" class="com.loanmart.test.LOSEditApplication"/>
      </group> <!-- EditLOS -->
      <group name="Regression">
        <method signature="LOSEditApplication.EditLOSApplication(java.util.HashMap)[pri:0, instance:com.loanmart.test.LOSEditApplication@5442a311]" name="EditLOSApplication" class="com.loanmart.test.LOSEditApplication"/>
      </group> <!-- Regression -->
    </groups>
    <test name="Surefire test" duration-ms="106025" started-at="2019-11-18T19:10:48Z" finished-at="2019-11-18T19:12:34Z">
      <class name="com.loanmart.test.LOSEditApplication">
        <test-method status="PASS" signature="launchBrowser()[pri:0, instance:com.loanmart.test.LOSEditApplication@5442a311]" name="launchBrowser" is-config="true" duration-ms="4447" started-at="2019-11-18T11:11:20Z" finished-at="2019-11-18T11:11:25Z">
          <reporter-output>
          </reporter-output>
        </test-method> <!-- launchBrowser -->
        <test-method status="FAIL" signature="EditLOSApplication(java.util.HashMap)[pri:0, instance:com.loanmart.test.LOSEditApplication@5442a311]" name="EditLOSApplication" duration-ms="69022" depends-on-groups="CCB" started-at="2019-11-18T11:11:25Z" data-provider="dp" finished-at="2019-11-18T11:12:34Z">
          <params>
            <param index="0">
              <value>
                <![CDATA[{HowLongHaveYouBeenInYourCurrentJob=5, Email=qa@800loanmart.com, MortgageRent=800, CarMileage=25000, PaidOff=Yes, LoanNumber=4643309, ESignedConsent=Yes, YearsAtEmployer=5, DoYouHaveAnotherCar=Yes, DOB=12/12/2000, AreYouAbleToProvideProofBankAccount=Yes, CarStyle=4D Sedan 3.6L - Premium, GrossMonthlyIncome=4000, Color=Blue, Terms=Yes, CarYear=2016, City=Orlando, EmployeeTitle=Tech, State=Florida, Running=Yes, MonthsAtEmployer=8, LastName=Thomas, ReasonForLoan=Pleasure, ActiveMilitary=Yes, TextTerms=Yes, Ownership=Own, DoYouDriveThisCarToWork=Yes, StateTitle=Yes, DriverLicenseNumber=QATEST01, DriverLicenseState=Florida, DoYouHaveAnAutomobile=Yes, FICO=871, AreYouAbleToProvideProofOfInsurance=Yes, IncomeType=Employed, GrossIncome=4000, LivedMonths=2, FirstName=Jerry, ZipCode=32835, LivedYears=4, LicensePlate=ABC1234, HowLongHaveYouOwnedThisCar=6, OtherIncome=0, WillYouBeAbleToDriveYourCar=Yes, HomeNumber=818553212, SSN=666106794, CarMake=Cadillac, CarModel=ATS, MobileNumber=8185551231, StreetAddress=59 Center Dr, ThirdPartiesConsent=Yes, TitleStatus=Clean, EmployerName=LoanMart INC}]]>
              </value>
            </param>
          </params>
          <exception class="java.lang.AssertionError">
            <message>
              <![CDATA[One or more test have failed --- Please reference test report for more details]]>
            </message>
            <full-stacktrace>
              <![CDATA[java.lang.AssertionError: One or more test have failed --- Please reference test report for more details
	at org.testng.Assert.fail(Assert.java:93)
	at com.loanmart.test.LOSEditApplication.EditLOSApplication(LOSEditApplication.java:92)
	at sun.reflect.NativeMethodAccessorImpl.invoke0(Native Method)
	at sun.reflect.NativeMethodAccessorImpl.invoke(NativeMethodAccessorImpl.java:62)
	at sun.reflect.DelegatingMethodAccessorImpl.invoke(DelegatingMethodAccessorImpl.java:43)
	at java.lang.reflect.Method.invoke(Method.java:498)
	at org.testng.internal.MethodInvocationHelper.invokeMethod(MethodInvocationHelper.java:108)
	at org.testng.internal.Invoker.invokeMethod(Invoker.java:661)
	at org.testng.internal.Invoker.invokeTestMethod(Invoker.java:869)
	at org.testng.internal.Invoker.invokeTestMethods(Invoker.java:1193)
	at org.testng.internal.TestMethodWorker.invokeTestMethods(TestMethodWorker.java:126)
	at org.testng.internal.TestMethodWorker.run(TestMethodWorker.java:109)
	at org.testng.TestRunner.privateRun(TestRunner.java:744)
	at org.testng.TestRunner.run(TestRunner.java:602)
	at org.testng.SuiteRunner.runTest(SuiteRunner.java:380)
	at org.testng.SuiteRunner.runSequentially(SuiteRunner.java:375)
	at org.testng.SuiteRunner.privateRun(SuiteRunner.java:340)
	at org.testng.SuiteRunner.run(SuiteRunner.java:289)
	at org.testng.SuiteRunnerWorker.runSuite(SuiteRunnerWorker.java:52)
	at org.testng.SuiteRunnerWorker.run(SuiteRunnerWorker.java:86)
	at org.testng.TestNG.runSuitesSequentially(TestNG.java:1301)
	at org.testng.TestNG.runSuitesLocally(TestNG.java:1226)
	at org.testng.TestNG.runSuites(TestNG.java:1144)
	at org.testng.TestNG.run(TestNG.java:1115)
	at org.apache.maven.surefire.testng.TestNGExecutor.run(TestNGExecutor.java:135)
	at org.apache.maven.surefire.testng.TestNGDirectoryTestSuite.executeMulti(TestNGDirectoryTestSuite.java:193)
	at org.apache.maven.surefire.testng.TestNGDirectoryTestSuite.execute(TestNGDirectoryTestSuite.java:94)
	at org.apache.maven.surefire.testng.TestNGProvider.invoke(TestNGProvider.java:146)
	at org.apache.maven.surefire.booter.ForkedBooter.invokeProviderInSameClassLoader(ForkedBooter.java:384)
	at org.apache.maven.surefire.booter.ForkedBooter.runSuitesInProcess(ForkedBooter.java:345)
	at org.apache.maven.surefire.booter.ForkedBooter.execute(ForkedBooter.java:126)
	at org.apache.maven.surefire.booter.ForkedBooter.main(ForkedBooter.java:418)
]]>
            </full-stacktrace>
          </exception> <!-- java.lang.AssertionError -->
          <reporter-output>
          </reporter-output>
        </test-method> <!-- EditLOSApplication -->
        <test-method status="PASS" signature="failureCheckup()[pri:0, instance:com.loanmart.test.LOSEditApplication@5442a311]" name="failureCheckup" is-config="true" duration-ms="1" started-at="2019-11-18T11:12:34Z" finished-at="2019-11-18T11:12:34Z">
          <reporter-output>
          </reporter-output>
        </test-method> <!-- failureCheckup -->
      </class> <!-- com.loanmart.test.LOSEditApplication -->
      <class name="com.loanmart.test.CCBApplicationSubmission">
        <test-method status="PASS" signature="setUpClass()[pri:0, instance:com.loanmart.test.CCBApplicationSubmission@53b32d7]" name="setUpClass" is-config="true" duration-ms="14" started-at="2019-11-18T11:10:48Z" finished-at="2019-11-18T11:10:48Z">
          <reporter-output>
          </reporter-output>
        </test-method> <!-- setUpClass -->
        <test-method status="PASS" signature="setUpClass()[pri:0, instance:com.loanmart.test.LOSEditApplication@5442a311]" name="setUpClass" is-config="true" duration-ms="17" started-at="2019-11-18T11:10:48Z" finished-at="2019-11-18T11:10:48Z">
          <reporter-output>
          </reporter-output>
        </test-method> <!-- setUpClass -->
        <test-method status="PASS" signature="launchBrowser()[pri:0, instance:com.loanmart.test.CCBApplicationSubmission@53b32d7]" name="launchBrowser" is-config="true" duration-ms="2506" started-at="2019-11-18T11:10:49Z" finished-at="2019-11-18T11:10:51Z">
          <reporter-output>
          </reporter-output>
        </test-method> <!-- launchBrowser -->
        <test-method status="PASS" signature="ApplicationSubmissionCCB(java.util.HashMap)[pri:0, instance:com.loanmart.test.CCBApplicationSubmission@53b32d7]" name="ApplicationSubmissionCCB" duration-ms="28301" started-at="2019-11-18T11:10:51Z" data-provider="dp" finished-at="2019-11-18T11:11:19Z">
          <params>
            <param index="0">
              <value>
                <![CDATA[{HowLongHaveYouBeenInYourCurrentJob=5, Email=qa@800loanmart.com, MortgageRent=800, CarMileage=25000, PaidOff=Yes, LoanNumber=4643308, ESignedConsent=Yes, YearsAtEmployer=5, DoYouHaveAnotherCar=Yes, DOB=12/12/2000, AreYouAbleToProvideProofBankAccount=Yes, CarStyle=4D Sedan 3.6L - Premium, GrossMonthlyIncome=4000, Color=Blue, Terms=Yes, CarYear=2016, City=Orlando, EmployeeTitle=Tech, State=Florida, Running=Yes, MonthsAtEmployer=8, LastName=Thomas, ReasonForLoan=Pleasure, ActiveMilitary=Yes, TextTerms=Yes, Ownership=Own, DoYouDriveThisCarToWork=Yes, StateTitle=Yes, DriverLicenseNumber=QATEST01, DriverLicenseState=Florida, DoYouHaveAnAutomobile=Yes, FICO=871, AreYouAbleToProvideProofOfInsurance=Yes, IncomeType=Employed, GrossIncome=4000, LivedMonths=2, FirstName=Jerry, ZipCode=32835, LivedYears=4, LicensePlate=ABC1234, HowLongHaveYouOwnedThisCar=6, OtherIncome=0, WillYouBeAbleToDriveYourCar=Yes, HomeNumber=818553212, SSN=666106794, CarMake=Cadillac, CarModel=ATS, MobileNumber=8185551231, StreetAddress=59 Center Dr, ThirdPartiesConsent=Yes, TitleStatus=Clean, EmployerName=LoanMart INC}]]>
              </value>
            </param>
          </params>
          <reporter-output>
          </reporter-output>
        </test-method> <!-- ApplicationSubmissionCCB -->
      </class> <!-- com.loanmart.test.CCBApplicationSubmission -->
      <class name="com.loanmart.test.AELApplicationSubmission">
        <test-method status="PASS" signature="setUpSuite()[pri:0, instance:com.loanmart.test.AELApplicationSubmission@343f4d3d]" name="setUpSuite" is-config="true" duration-ms="3883" started-at="2019-11-18T11:10:44Z" finished-at="2019-11-18T11:10:48Z">
          <reporter-output>
          </reporter-output>
        </test-method> <!-- setUpSuite -->
        <test-method status="PASS" signature="tearDownSuite()[pri:0, instance:com.loanmart.test.AELApplicationSubmission@343f4d3d]" name="tearDownSuite" is-config="true" duration-ms="1254" started-at="2019-11-18T11:12:34Z" finished-at="2019-11-18T11:12:35Z">
          <reporter-output>
          </reporter-output>
        </test-method> <!-- tearDownSuite -->
      </class> <!-- com.loanmart.test.AELApplicationSubmission -->
    </test> <!-- Surefire test -->
  </suite> <!-- Surefire suite -->
</testng-results>
