-------------------------------------------------------------------------------
Test set: TestSuite
-------------------------------------------------------------------------------
Tests run: 4, Failures: 1, Errors: 0, Skipped: 1, Time elapsed: 161.973 s <<< FAILURE! - in TestSuite
ApplicationSubmissionAEL(com.loanmart.test.AELApplicationSubmission)  Time elapsed: 5.602 s  <<< FAILURE!
java.lang.AssertionError: expected [true] but found [false]
	at com.loanmart.test.AELApplicationSubmission.vehicleInformation(AELApplicationSubmission.java:107)
	at com.loanmart.test.AELApplicationSubmission.ApplicationSubmissionAEL(AELApplicationSubmission.java:58)

