<?xml version="1.0" encoding="UTF-8"?>
<!-- Generated by org.testng.reporters.JUnitReportReporter -->
<testsuite skipped="0" hostname="WSM-700332" name="com.loanmart.mainwebsite.ApplyForLoan" tests="2" failures="0" timestamp="18 Oct 2019 21:12:00 GMT" time="85.234" errors="0">
  <testcase name="ApplyForLoanTest" time="55.397" classname="com.loanmart.mainwebsite.ApplyForLoan"/>
  <testcase name="ApplyForLoanTest" time="29.837" classname="com.loanmart.mainwebsite.ApplyForLoan"/>
</testsuite> <!-- com.loanmart.mainwebsite.ApplyForLoan -->
