<?xml version="1.0" encoding="UTF-8"?>
<!-- Generated by org.testng.reporters.JUnitReportReporter -->
<testsuite skipped="0" hostname="WSM-700332" name="com.loanmart.mainwebsite.ApplyForLoan" tests="2" failures="0" timestamp="18 Oct 2019 17:12:33 GMT" time="6.668" errors="0">
  <testcase name="ApplyForLoanTest" time="2.500" classname="com.loanmart.mainwebsite.ApplyForLoan"/>
  <testcase name="ApplyForLoanTest" time="4.168" classname="com.loanmart.mainwebsite.ApplyForLoan"/>
</testsuite> <!-- com.loanmart.mainwebsite.ApplyForLoan -->
